{"meta": {"format": 3, "version": "7.15.3", "timestamp": "2026-08-14T01:04:57.042369", "branch_coverage": false, "show_contexts": false}, "files": {"synapse/__init__.py": {"executed_lines": [], "summary": {"covered_lines": 0, "num_statements": 0, "percent_covered": 100.0, "percent_covered_display": "100", "missing_lines": 0, "excluded_lines": 0, "percent_statements_covered": 100.0, "percent_statements_covered_display": "100"}, "missing_lines": [], "excluded_lines": [], "functions": {"": {"executed_lines": [], "summary": {"covered_lines": 0, "num_statements": 0, "percent_covered": 100.0, "percent_covered_display": "100", "missing_lines": 0, "excluded_lines": 0, "percent_statements_covered": 100.0, "percent_statements_covered_display": "100"}, "missing_lines": [], "excluded_lines": [], "start_line": 1}}, "classes": {"": {"executed_lines": [], "summary": {"covered_lines": 0, "num_statements": 0, "percent_covered": 100.0, "percent_covered_display": "100", "missing_lines": 0, "excluded_lines": 0, "percent_statements_covered": 100.0, "percent_statements_covered_display": "100"}, "missing_lines": [], "excluded_lines": [], "start_line": 1}}}, "synapse/a2a_bridge.py": {"executed_lines": [], "summary": {"covered_lines": 0, "num_statements": 267, "percent_covered": 0.0, "percent_covered_display": "0", "missing_lines": 267, "excluded_lines": 55, "percent_statements_covered": 0.0, "percent_statements_covered_display": "0"}, "missing_lines": [27, 29, 30, 31, 32, 33, 34, 36, 37, 38, 42, 47, 48, 52, 55, 57, 58, 68, 78, 83, 84, 91, 92, 94, 97, 98, 101, 108, 109, 110, 111, 112, 113, 114, 117, 121, 122, 123, 124, 125, 128, 129, 131, 132, 133, 134, 135, 145, 146, 147, 148, 149, 150, 151, 152, 154, 155, 156, 157, 158, 160, 162, 165, 166, 167, 168, 169, 170, 171, 172, 173, 174, 176, 178, 179, 180, 181, 182, 183, 184, 185, 186, 187, 188, 189, 190, 192, 194, 199, 200, 201, 202, 204, 205, 206, 208, 209, 210, 211, 212, 213, 215, 216, 217, 219, 220, 222, 223, 224, 225, 226, 227, 230, 232, 233, 234, 235, 236, 237, 239, 240, 241, 242, 243, 245, 246, 247, 248, 249, 250, 254, 257, 258, 259, 260, 261, 262, 264, 265, 266, 269, 276, 278, 279, 280, 282, 283, 284, 285, 287, 304, 305, 306, 307, 308, 309, 311, 316, 317, 319, 320, 321, 322, 325, 326, 327, 329, 330, 333, 336, 339, 340, 341, 342, 345, 352, 362, 363, 364, 366, 370, 372, 373, 374, 375, 376, 378, 381, 383, 389, 390, 392, 393, 395, 409, 410, 411, 413, 414, 415, 416, 417, 418, 426, 451, 461, 470, 471, 472, 473, 474, 475, 476, 477, 478, 479, 480, 481, 482, 483, 484, 486, 488, 489, 495, 499, 500, 501, 502, 504, 505, 506, 507, 514, 515, 516, 518, 519, 522, 523, 524, 530, 535, 536, 537, 538, 543, 544, 545, 546, 552, 553, 554, 557, 560, 561, 562, 563, 564, 565, 566, 567, 570, 571, 572, 573, 574], "excluded_lines": [379, 380, 491, 492, 493, 577, 578, 579, 580, 581, 582, 583, 584, 585, 586, 587, 588, 589, 590, 593, 594, 595, 596, 597, 598, 599, 600, 601, 602, 603, 604, 605, 606, 607, 608, 609, 610, 611, 612, 613, 614, 615, 616, 617, 618, 619, 620, 621, 622, 623, 624, 625, 626, 627, 628], "functions": {"_a2a_error": {"executed_lines": [], "summary": {"covered_lines": 0, "num_statements": 1, "percent_covered": 0.0, "percent_covered_display": "0", "missing_lines": 1, "excluded_lines": 0, "percent_statements_covered": 0.0, "percent_statements_covered_display": "0"}, "missing_lines": [98], "excluded_lines": [], "start_line": 97}, "_version_pair": {"executed_lines": [], "summary": {"covered_lines": 0, "num_statements": 7, "percent_covered": 0.0, "percent_covered_display": "0", "missing_lines": 7, "excluded_lines": 0, "percent_statements_covered": 0.0, "percent_statements_covered_display": "0"}, "missing_lines": [108, 109, 110, 111, 112, 113, 114], "excluded_lines": [], "start_line": 101}, "_version_compatible": {"executed_lines": [], "summary": {"covered_lines": 0, "num_statements": 5, "percent_covered": 0.0, "percent_covered_display": "0", "missing_lines": 5, "excluded_lines": 0, "percent_statements_covered": 0.0, "percent_statements_covered_display": "0"}, "missing_lines": [121, 122, 123, 124, 125], "excluded_lines": [], "start_line": 117}, "_Handler.do_GET": {"executed_lines": [], "summary": {"covered_lines": 0, "num_statements": 18, "percent_covered": 0.0, "percent_covered_display": "0", "missing_lines": 18, "excluded_lines": 0, "percent_statements_covered": 0.0, "percent_statements_covered_display": "0"}, "missing_lines": [132, 133, 134, 135, 145, 146, 147, 148, 149, 150, 151, 152, 154, 155, 156, 157, 158, 160], "excluded_lines": [], "start_line": 131}, "_Handler._registry_search": {"executed_lines": [], "summary": {"covered_lines": 0, "num_statements": 11, "percent_covered": 0.0, "percent_covered_display": "0", "missing_lines": 11, "excluded_lines": 0, "percent_statements_covered": 0.0, "percent_statements_covered_display": "0"}, "missing_lines": [165, 166, 167, 168, 169, 170, 171, 172, 173, 174, 176], "excluded_lines": [], "start_line": 162}, "_Handler.do_POST": {"executed_lines": [], "summary": {"covered_lines": 0, "num_statements": 13, "percent_covered": 0.0, "percent_covered_display": "0", "missing_lines": 13, "excluded_lines": 0, "percent_statements_covered": 0.0, "percent_statements_covered_display": "0"}, "missing_lines": [179, 180, 181, 182, 183, 184, 185, 186, 187, 188, 189, 190, 192], "excluded_lines": [], "start_line": 178}, "_Handler._read_json_body": {"executed_lines": [], "summary": {"covered_lines": 0, "num_statements": 18, "percent_covered": 0.0, "percent_covered_display": "0", "missing_lines": 18, "excluded_lines": 0, "percent_statements_covered": 0.0, "percent_statements_covered_display": "0"}, "missing_lines": [199, 200, 201, 202, 204, 205, 206, 208, 209, 210, 211, 212, 213, 215, 216, 217, 219, 220], "excluded_lines": [], "start_line": 194}, "_Handler._rpc_message": {"executed_lines": [], "summary": {"covered_lines": 0, "num_statements": 5, "percent_covered": 0.0, "percent_covered_display": "0", "missing_lines": 5, "excluded_lines": 0, "percent_statements_covered": 0.0, "percent_statements_covered_display": "0"}, "missing_lines": [223, 224, 225, 226, 227], "excluded_lines": [], "start_line": 222}, "_Handler._registry_register": {"executed_lines": [], "summary": {"covered_lines": 0, "num_statements": 17, "percent_covered": 0.0, "percent_covered_display": "0", "missing_lines": 17, "excluded_lines": 0, "percent_statements_covered": 0.0, "percent_statements_covered_display": "0"}, "missing_lines": [232, 233, 234, 235, 236, 237, 239, 240, 241, 242, 243, 245, 246, 247, 248, 249, 250], "excluded_lines": [], "start_line": 230}, "_Handler._registry_mint": {"executed_lines": [], "summary": {"covered_lines": 0, "num_statements": 9, "percent_covered": 0.0, "percent_covered_display": "0", "missing_lines": 9, "excluded_lines": 0, "percent_statements_covered": 0.0, "percent_statements_covered_display": "0"}, "missing_lines": [257, 258, 259, 260, 261, 262, 264, 265, 266], "excluded_lines": [], "start_line": 254}, "_Handler._check_token": {"executed_lines": [], "summary": {"covered_lines": 0, "num_statements": 8, "percent_covered": 0.0, "percent_covered_display": "0", "missing_lines": 8, "excluded_lines": 0, "percent_statements_covered": 0.0, "percent_statements_covered_display": "0"}, "missing_lines": [276, 278, 279, 280, 282, 283, 284, 285], "excluded_lines": [], "start_line": 269}, "_Handler._negotiate_version": {"executed_lines": [], "summary": {"covered_lines": 0, "num_statements": 9, "percent_covered": 0.0, "percent_covered_display": "0", "missing_lines": 9, "excluded_lines": 0, "percent_statements_covered": 0.0, "percent_statements_covered_display": "0"}, "missing_lines": [304, 305, 306, 307, 308, 309, 311, 316, 317], "excluded_lines": [], "start_line": 287}, "_Handler._send": {"executed_lines": [], "summary": {"covered_lines": 0, "num_statements": 6, "percent_covered": 0.0, "percent_covered_display": "0", "missing_lines": 6, "excluded_lines": 0, "percent_statements_covered": 0.0, "percent_statements_covered_display": "0"}, "missing_lines": [320, 321, 322, 325, 326, 327], "excluded_lines": [], "start_line": 319}, "_Handler.log_message": {"executed_lines": [], "summary": {"covered_lines": 0, "num_statements": 1, "percent_covered": 0.0, "percent_covered_display": "0", "missing_lines": 1, "excluded_lines": 0, "percent_statements_covered": 0.0, "percent_statements_covered_display": "0"}, "missing_lines": [330], "excluded_lines": [], "start_line": 329}, "A2ABridge.__init__": {"executed_lines": [], "summary": {"covered_lines": 0, "num_statements": 9, "percent_covered": 0.0, "percent_covered_display": "0", "missing_lines": 9, "excluded_lines": 0, "percent_statements_covered": 0.0, "percent_statements_covered_display": "0"}, "missing_lines": [339, 340, 341, 342, 345, 352, 362, 363, 364], "excluded_lines": [], "start_line": 336}, "A2ABridge._build_clock": {"executed_lines": [], "summary": {"covered_lines": 0, "num_statements": 8, "percent_covered": 0.0, "percent_covered_display": "0", "missing_lines": 8, "excluded_lines": 2, "percent_statements_covered": 0.0, "percent_statements_covered_display": "0"}, "missing_lines": [370, 372, 373, 374, 375, 376, 378, 381], "excluded_lines": [379, 380], "start_line": 366}, "A2ABridge._envelope_hlc": {"executed_lines": [], "summary": {"covered_lines": 0, "num_statements": 2, "percent_covered": 0.0, "percent_covered_display": "0", "missing_lines": 2, "excluded_lines": 0, "percent_statements_covered": 0.0, "percent_statements_covered_display": "0"}, "missing_lines": [389, 390], "excluded_lines": [], "start_line": 383}, "A2ABridge._client": {"executed_lines": [], "summary": {"covered_lines": 0, "num_statements": 1, "percent_covered": 0.0, "percent_covered_display": "0", "missing_lines": 1, "excluded_lines": 0, "percent_statements_covered": 0.0, "percent_statements_covered_display": "0"}, "missing_lines": [393], "excluded_lines": [], "start_line": 392}, "A2ABridge.agent_card": {"executed_lines": [], "summary": {"covered_lines": 0, "num_statements": 10, "percent_covered": 0.0, "percent_covered_display": "0", "missing_lines": 10, "excluded_lines": 0, "percent_statements_covered": 0.0, "percent_statements_covered_display": "0"}, "missing_lines": [409, 410, 411, 413, 414, 415, 416, 417, 418, 426], "excluded_lines": [], "start_line": 395}, "A2ABridge.mint_stub": {"executed_lines": [], "summary": {"covered_lines": 0, "num_statements": 1, "percent_covered": 0.0, "percent_covered_display": "0", "missing_lines": 1, "excluded_lines": 0, "percent_statements_covered": 0.0, "percent_statements_covered_display": "0"}, "missing_lines": [461], "excluded_lines": [], "start_line": 451}, "A2ABridge.dispatch": {"executed_lines": [], "summary": {"covered_lines": 0, "num_statements": 22, "percent_covered": 0.0, "percent_covered_display": "0", "missing_lines": 22, "excluded_lines": 3, "percent_statements_covered": 0.0, "percent_statements_covered_display": "0"}, "missing_lines": [471, 472, 473, 474, 475, 476, 477, 478, 479, 480, 481, 482, 483, 484, 486, 488, 489, 495, 499, 500, 501, 502], "excluded_lines": [491, 492, 493], "start_line": 470}, "A2ABridge._tasks_message": {"executed_lines": [], "summary": {"covered_lines": 0, "num_statements": 12, "percent_covered": 0.0, "percent_covered_display": "0", "missing_lines": 12, "excluded_lines": 0, "percent_statements_covered": 0.0, "percent_statements_covered_display": "0"}, "missing_lines": [505, 506, 507, 514, 515, 516, 518, 519, 522, 523, 524, 530], "excluded_lines": [], "start_line": 504}, "A2ABridge._tasks_get": {"executed_lines": [], "summary": {"covered_lines": 0, "num_statements": 3, "percent_covered": 0.0, "percent_covered_display": "0", "missing_lines": 3, "excluded_lines": 0, "percent_statements_covered": 0.0, "percent_statements_covered_display": "0"}, "missing_lines": [536, 537, 538], "excluded_lines": [], "start_line": 535}, "A2ABridge._tasks_list": {"executed_lines": [], "summary": {"covered_lines": 0, "num_statements": 3, "percent_covered": 0.0, "percent_covered_display": "0", "missing_lines": 3, "excluded_lines": 0, "percent_statements_covered": 0.0, "percent_statements_covered_display": "0"}, "missing_lines": [544, 545, 546], "excluded_lines": [], "start_line": 543}, "A2ABridge._tasks_cancel": {"executed_lines": [], "summary": {"covered_lines": 0, "num_statements": 3, "percent_covered": 0.0, "percent_covered_display": "0", "missing_lines": 3, "excluded_lines": 0, "percent_statements_covered": 0.0, "percent_statements_covered_display": "0"}, "missing_lines": [553, 554, 557], "excluded_lines": [], "start_line": 552}, "A2ABridge.start": {"executed_lines": [], "summary": {"covered_lines": 0, "num_statements": 7, "percent_covered": 0.0, "percent_covered_display": "0", "missing_lines": 7, "excluded_lines": 0, "percent_statements_covered": 0.0, "percent_statements_covered_display": "0"}, "missing_lines": [561, 562, 563, 564, 565, 566, 567], "excluded_lines": [], "start_line": 560}, "A2ABridge.stop": {"executed_lines": [], "summary": {"covered_lines": 0, "num_statements": 4, "percent_covered": 0.0, "percent_covered_display": "0", "missing_lines": 4, "excluded_lines": 0, "percent_statements_covered": 0.0, "percent_statements_covered_display": "0"}, "missing_lines": [571, 572, 573, 574], "excluded_lines": [], "start_line": 570}, "run_bridge": {"executed_lines": [], "summary": {"covered_lines": 0, "num_statements": 0, "percent_covered": 100.0, "percent_covered_display": "100", "missing_lines": 0, "excluded_lines": 12, "percent_statements_covered": 100.0, "percent_statements_covered_display": "100"}, "missing_lines": [], "excluded_lines": [579, 580, 581, 582, 583, 584, 585, 586, 587, 588, 589, 590], "start_line": 577}, "bridge_main": {"executed_lines": [], "summary": {"covered_lines": 0, "num_statements": 0, "percent_covered": 100.0, "percent_covered_display": "100", "missing_lines": 0, "excluded_lines": 35, "percent_statements_covered": 100.0, "percent_statements_covered_display": "100"}, "missing_lines": [], "excluded_lines": [594, 595, 596, 597, 598, 599, 600, 601, 602, 603, 604, 605, 606, 607, 608, 609, 610, 611, 612, 613, 614, 615, 616, 617, 618, 619, 620, 621, 622, 623, 624, 625, 626, 627, 628], "start_line": 593}, "": {"executed_lines": [], "summary": {"covered_lines": 0, "num_statements": 54, "percent_covered": 0.0, "percent_covered_display": "0", "missing_lines": 54, "excluded_lines": 3, "percent_statements_covered": 0.0, "percent_statements_covered_display": "0"}, "missing_lines": [27, 29, 30, 31, 32, 33, 34, 36, 37, 38, 42, 47, 48, 52, 55, 57, 58, 68, 78, 83, 84, 91, 92, 94, 97, 101, 117, 128, 129, 131, 162, 178, 194, 222, 230, 254, 269, 287, 319, 329, 333, 336, 366, 383, 392, 395, 451, 470, 504, 535, 543, 552, 560, 570], "excluded_lines": [577, 578, 593], "start_line": 1}}, "classes": {"_Handler": {"executed_lines": [], "summary": {"covered_lines": 0, "num_statements": 115, "percent_covered": 0.0, "percent_covered_display": "0", "missing_lines": 115, "excluded_lines": 0, "percent_statements_covered": 0.0, "percent_statements_covered_display": "0"}, "missing_lines": [132, 133, 134, 135, 145, 146, 147, 148, 149, 150, 151, 152, 154, 155, 156, 157, 158, 160, 165, 166, 167, 168, 169, 170, 171, 172, 173, 174, 176, 179, 180, 181, 182, 183, 184, 185, 186, 187, 188, 189, 190, 192, 199, 200, 201, 202, 204, 205, 206, 208, 209, 210, 211, 212, 213, 215, 216, 217, 219, 220, 223, 224, 225, 226, 227, 232, 233, 234, 235, 236, 237, 239, 240, 241, 242, 243, 245, 246, 247, 248, 249, 250, 257, 258, 259, 260, 261, 262, 264, 265, 266, 276, 278, 279, 280, 282, 283, 284, 285, 304, 305, 306, 307, 308, 309, 311, 316, 317, 320, 321, 322, 325, 326, 327, 330], "excluded_lines": [], "start_line": 128}, "A2ABridge": {"executed_lines": [], "summary": {"covered_lines": 0, "num_statements": 85, "percent_covered": 0.0, "percent_covered_display": "0", "missing_lines": 85, "excluded_lines": 5, "percent_statements_covered": 0.0, "percent_statements_covered_display": "0"}, "missing_lines": [339, 340, 341, 342, 345, 352, 362, 363, 364, 370, 372, 373, 374, 375, 376, 378, 381, 389, 390, 393, 409, 410, 411, 413, 414, 415, 416, 417, 418, 426, 461, 471, 472, 473, 474, 475, 476, 477, 478, 479, 480, 481, 482, 483, 484, 486, 488, 489, 495, 499, 500, 501, 502, 505, 506, 507, 514, 515, 516, 518, 519, 522, 523, 524, 530, 536, 537, 538, 544, 545, 546, 553, 554, 557, 561, 562, 563, 564, 565, 566, 567, 571, 572, 573, 574], "excluded_lines": [379, 380, 491, 492, 493], "start_line": 333}, "": {"executed_lines": [], "summary": {"covered_lines": 0, "num_statements": 67, "percent_covered": 0.0, "percent_covered_display": "0", "missing_lines": 67, "excluded_lines": 50, "percent_statements_covered": 0.0, "percent_statements_covered_display": "0"}, "missing_lines": [27, 29, 30, 31, 32, 33, 34, 36, 37, 38, 42, 47, 48, 52, 55, 57, 58, 68, 78, 83, 84, 91, 92, 94, 97, 98, 101, 108, 109, 110, 111, 112, 113, 114, 117, 121, 122, 123, 124, 125, 128, 129, 131, 162, 178, 194, 222, 230, 254, 269, 287, 319, 329, 333, 336, 366, 383, 392, 395, 451, 470, 504, 535, 543, 552, 560, 570], "excluded_lines": [577, 578, 579, 580, 581, 582, 583, 584, 585, 586, 587, 588, 589, 590, 593, 594, 595, 596, 597, 598, 599, 600, 601, 602, 603, 604, 605, 606, 607, 608, 609, 610, 611, 612, 613, 614, 615, 616, 617, 618, 619, 620, 621, 622, 623, 624, 625, 626, 627, 628], "start_line": 1}}}, "synapse/a2a_client.py": {"executed_lines": [], "summary": {"covered_lines": 0, "num_statements": 81, "percent_covered": 0.0, "percent_covered_display": "0", "missing_lines": 81, "excluded_lines": 0, "percent_statements_covered": 0.0, "percent_statements_covered_display": "0"}, "missing_lines": [28, 30, 31, 32, 36, 39, 44, 45, 48, 57, 58, 59, 60, 63, 72, 74, 75, 76, 84, 85, 90, 97, 98, 99, 100, 101, 102, 103, 104, 109, 120, 121, 122, 123, 124, 125, 129, 131, 133, 135, 136, 138, 140, 145, 153, 155, 156, 157, 158, 159, 160, 161, 162, 163, 164, 165, 166, 167, 171, 175, 176, 177, 178, 180, 181, 183, 184, 185, 187, 188, 189, 190, 191, 192, 193, 194, 195, 197, 198, 200, 201], "excluded_lines": [], "functions": {"A2AClientError.__init__": {"executed_lines": [], "summary": {"covered_lines": 0, "num_statements": 3, "percent_covered": 0.0, "percent_covered_display": "0", "missing_lines": 3, "excluded_lines": 0, "percent_statements_covered": 0.0, "percent_statements_covered_display": "0"}, "missing_lines": [58, 59, 60], "excluded_lines": [], "start_line": 57}, "A2AClient.__init__": {"executed_lines": [], "summary": {"covered_lines": 0, "num_statements": 5, "percent_covered": 0.0, "percent_covered_display": "0", "missing_lines": 5, "excluded_lines": 0, "percent_statements_covered": 0.0, "percent_statements_covered_display": "0"}, "missing_lines": [74, 75, 76, 84, 85], "excluded_lines": [], "start_line": 72}, "A2AClient.discover": {"executed_lines": [], "summary": {"covered_lines": 0, "num_statements": 8, "percent_covered": 0.0, "percent_covered_display": "0", "missing_lines": 8, "excluded_lines": 0, "percent_statements_covered": 0.0, "percent_statements_covered_display": "0"}, "missing_lines": [97, 98, 99, 100, 101, 102, 103, 104], "excluded_lines": [], "start_line": 90}, "A2AClient.delegate": {"executed_lines": [], "summary": {"covered_lines": 0, "num_statements": 6, "percent_covered": 0.0, "percent_covered_display": "0", "missing_lines": 6, "excluded_lines": 0, "percent_statements_covered": 0.0, "percent_statements_covered_display": "0"}, "missing_lines": [120, 121, 122, 123, 124, 125], "excluded_lines": [], "start_line": 109}, "A2AClient.get": {"executed_lines": [], "summary": {"covered_lines": 0, "num_statements": 1, "percent_covered": 0.0, "percent_covered_display": "0", "missing_lines": 1, "excluded_lines": 0, "percent_statements_covered": 0.0, "percent_statements_covered_display": "0"}, "missing_lines": [131], "excluded_lines": [], "start_line": 129}, "A2AClient.list": {"executed_lines": [], "summary": {"covered_lines": 0, "num_statements": 2, "percent_covered": 0.0, "percent_covered_display": "0", "missing_lines": 2, "excluded_lines": 0, "percent_statements_covered": 0.0, "percent_statements_covered_display": "0"}, "missing_lines": [135, 136], "excluded_lines": [], "start_line": 133}, "A2AClient.cancel": {"executed_lines": [], "summary": {"covered_lines": 0, "num_statements": 1, "percent_covered": 0.0, "percent_covered_display": "0", "missing_lines": 1, "excluded_lines": 0, "percent_statements_covered": 0.0, "percent_statements_covered_display": "0"}, "missing_lines": [140], "excluded_lines": [], "start_line": 138}, "A2AClient._call": {"executed_lines": [], "summary": {"covered_lines": 0, "num_statements": 19, "percent_covered": 0.0, "percent_covered_display": "0", "missing_lines": 19, "excluded_lines": 0, "percent_statements_covered": 0.0, "percent_statements_covered_display": "0"}, "missing_lines": [153, 155, 156, 157, 158, 159, 160, 161, 162, 163, 164, 165, 166, 167, 171, 175, 176, 177, 178], "excluded_lines": [], "start_line": 145}, "A2AClient._request": {"executed_lines": [], "summary": {"covered_lines": 0, "num_statements": 13, "percent_covered": 0.0, "percent_covered_display": "0", "missing_lines": 13, "excluded_lines": 0, "percent_statements_covered": 0.0, "percent_statements_covered_display": "0"}, "missing_lines": [181, 183, 184, 185, 187, 188, 189, 190, 191, 192, 193, 194, 195], "excluded_lines": [], "start_line": 180}, "A2AClient._get": {"executed_lines": [], "summary": {"covered_lines": 0, "num_statements": 1, "percent_covered": 0.0, "percent_covered_display": "0", "missing_lines": 1, "excluded_lines": 0, "percent_statements_covered": 0.0, "percent_statements_covered_display": "0"}, "missing_lines": [198], "excluded_lines": [], "start_line": 197}, "A2AClient._post": {"executed_lines": [], "summary": {"covered_lines": 0, "num_statements": 1, "percent_covered": 0.0, "percent_covered_display": "0", "missing_lines": 1, "excluded_lines": 0, "percent_statements_covered": 0.0, "percent_statements_covered_display": "0"}, "missing_lines": [201], "excluded_lines": [], "start_line": 200}, "": {"executed_lines": [], "summary": {"covered_lines": 0, "num_statements": 21, "percent_covered": 0.0, "percent_covered_display": "0", "missing_lines": 21, "excluded_lines": 0, "percent_statements_covered": 0.0, "percent_statements_covered_display": "0"}, "missing_lines": [28, 30, 31, 32, 36, 39, 44, 45, 48, 57, 63, 72, 90, 109, 129, 133, 138, 145, 180, 197, 200], "excluded_lines": [], "start_line": 1}}, "classes": {"A2AClientError": {"executed_lines": [], "summary": {"covered_lines": 0, "num_statements": 3, "percent_covered": 0.0, "percent_covered_display": "0", "missing_lines": 3, "excluded_lines": 0, "percent_statements_covered": 0.0, "percent_statements_covered_display": "0"}, "missing_lines": [58, 59, 60], "excluded_lines": [], "start_line": 48}, "A2AClient": {"executed_lines": [], "summary": {"covered_lines": 0, "num_statements": 57, "percent_covered": 0.0, "percent_covered_display": "0", "missing_lines": 57, "excluded_lines": 0, "percent_statements_covered": 0.0, "percent_statements_covered_display": "0"}, "missing_lines": [74, 75, 76, 84, 85, 97, 98, 99, 100, 101, 102, 103, 104, 120, 121, 122, 123, 124, 125, 131, 135, 136, 140, 153, 155, 156, 157, 158, 159, 160, 161, 162, 163, 164, 165, 166, 167, 171, 175, 176, 177, 178, 181, 183, 184, 185, 187, 188, 189, 190, 191, 192, 193, 194, 195, 198, 201], "excluded_lines": [], "start_line": 63}, "": {"executed_lines": [], "summary": {"covered_lines": 0, "num_statements": 21, "percent_covered": 0.0, "percent_covered_display": "0", "missing_lines": 21, "excluded_lines": 0, "percent_statements_covered": 0.0, "percent_statements_covered_display": "0"}, "missing_lines": [28, 30, 31, 32, 36, 39, 44, 45, 48, 57, 63, 72, 90, 109, 129, 133, 138, 145, 180, 197, 200], "excluded_lines": [], "start_line": 1}}}, "synapse/backup.py": {"executed_lines": [18, 20, 21, 22, 23, 24, 25, 26, 27, 28, 30, 31, 33, 34, 35, 37, 38, 39, 42, 46, 47, 48, 51, 58, 59, 60, 61, 62, 70, 72, 73, 80, 81, 82, 83, 87, 88, 89, 90, 91, 92, 93, 95, 97, 98, 100, 101, 105, 110, 112, 113, 115, 116, 117, 118, 119, 120, 121, 122, 123, 131, 138, 140, 141, 143, 144, 145, 146, 147, 153, 154, 156, 157, 160, 162, 163, 165, 166, 169, 171, 174, 177, 178, 179, 180, 182, 187, 188, 193, 202, 207, 208, 209, 215, 216, 222, 230, 239, 240, 247, 248, 249, 250, 254, 255, 256, 257, 261, 269, 271, 272, 273, 274, 277, 278, 279, 280, 281, 282, 284, 285, 293, 323, 339, 360, 398, 404, 406, 407, 417, 418, 423, 424, 425, 428, 429, 430, 435, 436, 437, 438, 439, 441, 451, 457, 470], "summary": {"covered_lines": 146, "num_statements": 273, "percent_covered": 53.47985347985348, "percent_covered_display": "53", "missing_lines": 127, "excluded_lines": 0, "percent_statements_covered": 53.47985347985348, "percent_statements_covered_display": "53"}, "missing_lines": [74, 75, 76, 77, 102, 103, 139, 142, 148, 149, 155, 158, 159, 161, 164, 167, 168, 170, 181, 217, 241, 242, 243, 244, 262, 263, 264, 265, 266, 267, 275, 276, 300, 301, 302, 303, 304, 306, 307, 308, 309, 310, 312, 313, 314, 315, 316, 317, 318, 319, 320, 326, 327, 328, 329, 330, 331, 332, 333, 352, 353, 354, 355, 356, 357, 362, 364, 365, 366, 368, 369, 370, 372, 373, 374, 375, 376, 377, 379, 380, 381, 382, 383, 384, 385, 386, 387, 389, 408, 409, 410, 411, 412, 414, 419, 420, 431, 432, 442, 443, 452, 453, 454, 458, 459, 460, 461, 462, 463, 464, 465, 466, 467, 471, 472, 473, 478, 479, 480, 484, 485, 486, 487, 488, 489, 490, 491], "excluded_lines": [], "functions": {"_now": {"executed_lines": [47, 48], "summary": {"covered_lines": 2, "num_statements": 2, "percent_covered": 100.0, "percent_covered_display": "100", "missing_lines": 0, "excluded_lines": 0, "percent_statements_covered": 100.0, "percent_statements_covered_display": "100"}, "missing_lines": [], "excluded_lines": [], "start_line": 46}, "_temp_path": {"executed_lines": [58, 59, 60, 61, 62], "summary": {"covered_lines": 5, "num_statements": 5, "percent_covered": 100.0, "percent_covered_display": "100", "missing_lines": 0, "excluded_lines": 0, "percent_statements_covered": 100.0, "percent_statements_covered_display": "100"}, "missing_lines": [], "excluded_lines": [], "start_line": 51}, "backup": {"executed_lines": [72, 73], "summary": {"covered_lines": 2, "num_statements": 6, "percent_covered": 33.333333333333336, "percent_covered_display": "33", "missing_lines": 4, "excluded_lines": 0, "percent_statements_covered": 33.333333333333336, "percent_statements_covered_display": "33"}, "missing_lines": [74, 75, 76, 77], "excluded_lines": [], "start_line": 70}, "_backup": {"executed_lines": [81, 82, 83, 87, 88, 89, 90, 91, 92, 93, 95, 97, 98, 100, 101, 105, 110, 112, 113, 115, 116, 117, 118, 119, 120, 121, 122, 123], "summary": {"covered_lines": 28, "num_statements": 30, "percent_covered": 93.33333333333333, "percent_covered_display": "93", "missing_lines": 2, "excluded_lines": 0, "percent_statements_covered": 93.33333333333333, "percent_statements_covered_display": "93"}, "missing_lines": [102, 103], "excluded_lines": [], "start_line": 80}, "_decrypt_archive": {"executed_lines": [138, 140, 141, 143, 144, 145, 146, 147, 153, 154, 156, 157, 160, 162, 163, 165, 166, 169, 171], "summary": {"covered_lines": 19, "num_statements": 31, "percent_covered": 61.29032258064516, "percent_covered_display": "61", "missing_lines": 12, "excluded_lines": 0, "percent_statements_covered": 61.29032258064516, "percent_statements_covered_display": "61"}, "missing_lines": [139, 142, 148, 149, 155, 158, 159, 161, 164, 167, 168, 170], "excluded_lines": [], "start_line": 131}, "_check_sqlite_integrity": {"executed_lines": [177, 178, 179, 180, 182, 187, 188], "summary": {"covered_lines": 7, "num_statements": 8, "percent_covered": 87.5, "percent_covered_display": "88", "missing_lines": 1, "excluded_lines": 0, "percent_statements_covered": 87.5, "percent_statements_covered_display": "88"}, "missing_lines": [181], "excluded_lines": [], "start_line": 174}, "_check_schema": {"executed_lines": [207, 208, 209, 215, 216, 222], "summary": {"covered_lines": 6, "num_statements": 7, "percent_covered": 85.71428571428571, "percent_covered_display": "86", "missing_lines": 1, "excluded_lines": 0, "percent_statements_covered": 85.71428571428571, "percent_statements_covered_display": "86"}, "missing_lines": [217], "excluded_lines": [], "start_line": 202}, "restore": {"executed_lines": [239, 240], "summary": {"covered_lines": 2, "num_statements": 6, "percent_covered": 33.333333333333336, "percent_covered_display": "33", "missing_lines": 4, "excluded_lines": 0, "percent_statements_covered": 33.333333333333336, "percent_statements_covered_display": "33"}, "missing_lines": [241, 242, 243, 244], "excluded_lines": [], "start_line": 230}, "_restore": {"executed_lines": [248, 249, 250, 254, 255, 256, 257, 261, 269, 271, 272, 273, 274, 277, 278, 279, 280, 281, 282, 284, 285], "summary": {"covered_lines": 21, "num_statements": 29, "percent_covered": 72.41379310344827, "percent_covered_display": "72", "missing_lines": 8, "excluded_lines": 0, "percent_statements_covered": 72.41379310344827, "percent_statements_covered_display": "72"}, "missing_lines": [262, 263, 264, 265, 266, 267, 275, 276], "excluded_lines": [], "start_line": 247}, "prune": {"executed_lines": [], "summary": {"covered_lines": 0, "num_statements": 15, "percent_covered": 0.0, "percent_covered_display": "0", "missing_lines": 15, "excluded_lines": 0, "percent_statements_covered": 0.0, "percent_statements_covered_display": "0"}, "missing_lines": [300, 301, 302, 303, 304, 306, 312, 313, 314, 315, 316, 317, 318, 319, 320], "excluded_lines": [], "start_line": 293}, "prune._mtime": {"executed_lines": [], "summary": {"covered_lines": 0, "num_statements": 4, "percent_covered": 0.0, "percent_covered_display": "0", "missing_lines": 4, "excluded_lines": 0, "percent_statements_covered": 0.0, "percent_statements_covered_display": "0"}, "missing_lines": [307, 308, 309, 310], "excluded_lines": [], "start_line": 306}, "_check_scratch_isolation": {"executed_lines": [], "summary": {"covered_lines": 0, "num_statements": 8, "percent_covered": 0.0, "percent_covered_display": "0", "missing_lines": 8, "excluded_lines": 0, "percent_statements_covered": 0.0, "percent_statements_covered_display": "0"}, "missing_lines": [326, 327, 328, 329, 330, 331, 332, 333], "excluded_lines": [], "start_line": 323}, "verify": {"executed_lines": [], "summary": {"covered_lines": 0, "num_statements": 6, "percent_covered": 0.0, "percent_covered_display": "0", "missing_lines": 6, "excluded_lines": 0, "percent_statements_covered": 0.0, "percent_statements_covered_display": "0"}, "missing_lines": [352, 353, 354, 355, 356, 357], "excluded_lines": [], "start_line": 339}, "_verify": {"executed_lines": [], "summary": {"covered_lines": 0, "num_statements": 23, "percent_covered": 0.0, "percent_covered_display": "0", "missing_lines": 23, "excluded_lines": 0, "percent_statements_covered": 0.0, "percent_statements_covered_display": "0"}, "missing_lines": [362, 364, 365, 366, 368, 369, 370, 372, 373, 374, 375, 376, 377, 379, 380, 381, 382, 383, 384, 385, 386, 387, 389], "excluded_lines": [], "start_line": 360}, "_acquire_service_lock": {"executed_lines": [404, 406, 407, 417, 418, 423, 424, 425], "summary": {"covered_lines": 8, "num_statements": 16, "percent_covered": 50.0, "percent_covered_display": "50", "missing_lines": 8, "excluded_lines": 0, "percent_statements_covered": 50.0, "percent_statements_covered_display": "50"}, "missing_lines": [408, 409, 410, 411, 412, 414, 419, 420], "excluded_lines": [], "start_line": 398}, "_release_service_lock": {"executed_lines": [429, 430], "summary": {"covered_lines": 2, "num_statements": 4, "percent_covered": 50.0, "percent_covered_display": "50", "missing_lines": 2, "excluded_lines": 0, "percent_statements_covered": 50.0, "percent_statements_covered_display": "50"}, "missing_lines": [431, 432], "excluded_lines": [], "start_line": 428}, "_fsync_dir": {"executed_lines": [436, 437, 438, 439, 441], "summary": {"covered_lines": 5, "num_statements": 7, "percent_covered": 71.42857142857143, "percent_covered_display": "71", "missing_lines": 2, "excluded_lines": 0, "percent_statements_covered": 71.42857142857143, "percent_statements_covered_display": "71"}, "missing_lines": [442, 443], "excluded_lines": [], "start_line": 435}, "_common_parser": {"executed_lines": [], "summary": {"covered_lines": 0, "num_statements": 3, "percent_covered": 0.0, "percent_covered_display": "0", "missing_lines": 3, "excluded_lines": 0, "percent_statements_covered": 0.0, "percent_statements_covered_display": "0"}, "missing_lines": [452, 453, 454], "excluded_lines": [], "start_line": 451}, "backup_main": {"executed_lines": [], "summary": {"covered_lines": 0, "num_statements": 10, "percent_covered": 0.0, "percent_covered_display": "0", "missing_lines": 10, "excluded_lines": 0, "percent_statements_covered": 0.0, "percent_statements_covered_display": "0"}, "missing_lines": [458, 459, 460, 461, 462, 463, 464, 465, 466, 467], "excluded_lines": [], "start_line": 457}, "restore_main": {"executed_lines": [], "summary": {"covered_lines": 0, "num_statements": 14, "percent_covered": 0.0, "percent_covered_display": "0", "missing_lines": 14, "excluded_lines": 0, "percent_statements_covered": 0.0, "percent_statements_covered_display": "0"}, "missing_lines": [471, 472, 473, 478, 479, 480, 484, 485, 486, 487, 488, 489, 490, 491], "excluded_lines": [], "start_line": 470}, "": {"executed_lines": [18, 20, 21, 22, 23, 24, 25, 26, 27, 28, 30, 31, 33, 34, 35, 37, 38, 39, 42, 46, 51, 70, 80, 131, 174, 193, 202, 230, 247, 293, 323, 339, 360, 398, 428, 435, 451, 457, 470], "summary": {"covered_lines": 39, "num_statements": 39, "percent_covered": 100.0, "percent_covered_display": "100", "missing_lines": 0, "excluded_lines": 0, "percent_statements_covered": 100.0, "percent_statements_covered_display": "100"}, "missing_lines": [], "excluded_lines": [], "start_line": 1}}, "classes": {"BackupError": {"executed_lines": [], "summary": {"covered_lines": 0, "num_statements": 0, "percent_covered": 100.0, "percent_covered_display": "100", "missing_lines": 0, "excluded_lines": 0, "percent_statements_covered": 100.0, "percent_statements_covered_display": "100"}, "missing_lines": [], "excluded_lines": [], "start_line": 42}, "": {"executed_lines": [18, 20, 21, 22, 23, 24, 25, 26, 27, 28, 30, 31, 33, 34, 35, 37, 38, 39, 42, 46, 47, 48, 51, 58, 59, 60, 61, 62, 70, 72, 73, 80, 81, 82, 83, 87, 88, 89, 90, 91, 92, 93, 95, 97, 98, 100, 101, 105, 110, 112, 113, 115, 116, 117, 118, 119, 120, 121, 122, 123, 131, 138, 140, 141, 143, 144, 145, 146, 147, 153, 154, 156, 157, 160, 162, 163, 165, 166, 169, 171, 174, 177, 178, 179, 180, 182, 187, 188, 193, 202, 207, 208, 209, 215, 216, 222, 230, 239, 240, 247, 248, 249, 250, 254, 255, 256, 257, 261, 269, 271, 272, 273, 274, 277, 278, 279, 280, 281, 282, 284, 285, 293, 323, 339, 360, 398, 404, 406, 407, 417, 418, 423, 424, 425, 428, 429, 430, 435, 436, 437, 438, 439, 441, 451, 457, 470], "summary": {"covered_lines": 146, "num_statements": 273, "percent_covered": 53.47985347985348, "percent_covered_display": "53", "missing_lines": 127, "excluded_lines": 0, "percent_statements_covered": 53.47985347985348, "percent_statements_covered_display": "53"}, "missing_lines": [74, 75, 76, 77, 102, 103, 139, 142, 148, 149, 155, 158, 159, 161, 164, 167, 168, 170, 181, 217, 241, 242, 243, 244, 262, 263, 264, 265, 266, 267, 275, 276, 300, 301, 302, 303, 304, 306, 307, 308, 309, 310, 312, 313, 314, 315, 316, 317, 318, 319, 320, 326, 327, 328, 329, 330, 331, 332, 333, 352, 353, 354, 355, 356, 357, 362, 364, 365, 366, 368, 369, 370, 372, 373, 374, 375, 376, 377, 379, 380, 381, 382, 383, 384, 385, 386, 387, 389, 408, 409, 410, 411, 412, 414, 419, 420, 431, 432, 442, 443, 452, 453, 454, 458, 459, 460, 461, 462, 463, 464, 465, 466, 467, 471, 472, 473, 478, 479, 480, 484, 485, 486, 487, 488, 489, 490, 491], "excluded_lines": [], "start_line": 1}}}, "synapse/cli/__init__.py": {"executed_lines": [], "summary": {"covered_lines": 0, "num_statements": 2, "percent_covered": 0.0, "percent_covered_display": "0", "missing_lines": 2, "excluded_lines": 0, "percent_statements_covered": 0.0, "percent_statements_covered_display": "0"}, "missing_lines": [10, 12], "excluded_lines": [], "functions": {"": {"executed_lines": [], "summary": {"covered_lines": 0, "num_statements": 2, "percent_covered": 0.0, "percent_covered_display": "0", "missing_lines": 2, "excluded_lines": 0, "percent_statements_covered": 0.0, "percent_statements_covered_display": "0"}, "missing_lines": [10, 12], "excluded_lines": [], "start_line": 1}}, "classes": {"": {"executed_lines": [], "summary": {"covered_lines": 0, "num_statements": 2, "percent_covered": 0.0, "percent_covered_display": "0", "missing_lines": 2, "excluded_lines": 0, "percent_statements_covered": 0.0, "percent_statements_covered_display": "0"}, "missing_lines": [10, 12], "excluded_lines": [], "start_line": 1}}}, "synapse/cli/__main__.py": {"executed_lines": [], "summary": {"covered_lines": 0, "num_statements": 4, "percent_covered": 0.0, "percent_covered_display": "0", "missing_lines": 4, "excluded_lines": 0, "percent_statements_covered": 0.0, "percent_statements_covered_display": "0"}, "missing_lines": [3, 5, 7, 8], "excluded_lines": [], "functions": {"": {"executed_lines": [], "summary": {"covered_lines": 0, "num_statements": 4, "percent_covered": 0.0, "percent_covered_display": "0", "missing_lines": 4, "excluded_lines": 0, "percent_statements_covered": 0.0, "percent_statements_covered_display": "0"}, "missing_lines": [3, 5, 7, 8], "excluded_lines": [], "start_line": 1}}, "classes": {"": {"executed_lines": [], "summary": {"covered_lines": 0, "num_statements": 4, "percent_covered": 0.0, "percent_covered_display": "0", "missing_lines": 4, "excluded_lines": 0, "percent_statements_covered": 0.0, "percent_statements_covered_display": "0"}, "missing_lines": [3, 5, 7, 8], "excluded_lines": [], "start_line": 1}}}, "synapse/cli/a2a.py": {"executed_lines": [], "summary": {"covered_lines": 0, "num_statements": 130, "percent_covered": 0.0, "percent_covered_display": "0", "missing_lines": 130, "excluded_lines": 0, "percent_statements_covered": 0.0, "percent_statements_covered_display": "0"}, "missing_lines": [3, 5, 6, 7, 8, 10, 12, 31, 33, 42, 43, 50, 52, 54, 55, 57, 58, 60, 62, 64, 66, 68, 69, 70, 72, 74, 75, 76, 84, 89, 90, 91, 92, 93, 94, 95, 98, 99, 100, 101, 106, 107, 109, 110, 111, 112, 113, 115, 116, 117, 119, 120, 124, 125, 126, 127, 129, 130, 132, 135, 137, 138, 139, 147, 151, 152, 153, 154, 156, 160, 161, 162, 163, 164, 165, 166, 170, 171, 173, 176, 177, 179, 182, 183, 184, 187, 188, 189, 190, 191, 193, 195, 196, 198, 199, 200, 201, 202, 204, 206, 207, 208, 211, 212, 213, 214, 215, 218, 219, 220, 221, 222, 223, 224, 225, 227, 228, 229, 230, 232, 233, 242, 243, 244, 245, 246, 247, 248, 255, 256], "excluded_lines": [], "functions": {"add_parser": {"executed_lines": [], "summary": {"covered_lines": 0, "num_statements": 18, "percent_covered": 0.0, "percent_covered_display": "0", "missing_lines": 18, "excluded_lines": 0, "percent_statements_covered": 0.0, "percent_statements_covered_display": "0"}, "missing_lines": [43, 50, 52, 54, 55, 57, 58, 60, 62, 64, 66, 68, 69, 70, 72, 74, 75, 76], "excluded_lines": [], "start_line": 42}, "_resolve_a2a_port": {"executed_lines": [], "summary": {"covered_lines": 0, "num_statements": 7, "percent_covered": 0.0, "percent_covered_display": "0", "missing_lines": 7, "excluded_lines": 0, "percent_statements_covered": 0.0, "percent_statements_covered_display": "0"}, "missing_lines": [89, 90, 91, 92, 93, 94, 95], "excluded_lines": [], "start_line": 84}, "_cmd_start": {"executed_lines": [], "summary": {"covered_lines": 0, "num_statements": 42, "percent_covered": 0.0, "percent_covered_display": "0", "missing_lines": 42, "excluded_lines": 0, "percent_statements_covered": 0.0, "percent_statements_covered_display": "0"}, "missing_lines": [99, 100, 101, 106, 107, 109, 110, 111, 112, 113, 115, 116, 117, 119, 120, 124, 125, 126, 127, 129, 130, 132, 135, 137, 138, 139, 147, 151, 152, 153, 154, 156, 160, 161, 162, 163, 164, 165, 166, 170, 171, 173], "excluded_lines": [], "start_line": 98}, "_alive": {"executed_lines": [], "summary": {"covered_lines": 0, "num_statements": 2, "percent_covered": 0.0, "percent_covered_display": "0", "missing_lines": 2, "excluded_lines": 0, "percent_statements_covered": 0.0, "percent_statements_covered_display": "0"}, "missing_lines": [177, 179], "excluded_lines": [], "start_line": 176}, "_a2a_responding": {"executed_lines": [], "summary": {"covered_lines": 0, "num_statements": 2, "percent_covered": 0.0, "percent_covered_display": "0", "missing_lines": 2, "excluded_lines": 0, "percent_statements_covered": 0.0, "percent_statements_covered_display": "0"}, "missing_lines": [183, 184], "excluded_lines": [], "start_line": 182}, "_run_foreground": {"executed_lines": [], "summary": {"covered_lines": 0, "num_statements": 16, "percent_covered": 0.0, "percent_covered_display": "0", "missing_lines": 16, "excluded_lines": 0, "percent_statements_covered": 0.0, "percent_statements_covered_display": "0"}, "missing_lines": [188, 189, 190, 191, 193, 195, 196, 198, 199, 200, 201, 202, 204, 206, 207, 208], "excluded_lines": [], "start_line": 187}, "_cmd_stop": {"executed_lines": [], "summary": {"covered_lines": 0, "num_statements": 4, "percent_covered": 0.0, "percent_covered_display": "0", "missing_lines": 4, "excluded_lines": 0, "percent_statements_covered": 0.0, "percent_statements_covered_display": "0"}, "missing_lines": [212, 213, 214, 215], "excluded_lines": [], "start_line": 211}, "_cmd_status": {"executed_lines": [], "summary": {"covered_lines": 0, "num_statements": 22, "percent_covered": 0.0, "percent_covered_display": "0", "missing_lines": 22, "excluded_lines": 0, "percent_statements_covered": 0.0, "percent_statements_covered_display": "0"}, "missing_lines": [219, 220, 221, 222, 223, 224, 225, 227, 228, 229, 230, 232, 233, 242, 243, 244, 245, 246, 247, 248, 255, 256], "excluded_lines": [], "start_line": 218}, "": {"executed_lines": [], "summary": {"covered_lines": 0, "num_statements": 17, "percent_covered": 0.0, "percent_covered_display": "0", "missing_lines": 17, "excluded_lines": 0, "percent_statements_covered": 0.0, "percent_statements_covered_display": "0"}, "missing_lines": [3, 5, 6, 7, 8, 10, 12, 31, 33, 42, 84, 98, 176, 182, 187, 211, 218], "excluded_lines": [], "start_line": 1}}, "classes": {"": {"executed_lines": [], "summary": {"covered_lines": 0, "num_statements": 130, "percent_covered": 0.0, "percent_covered_display": "0", "missing_lines": 130, "excluded_lines": 0, "percent_statements_covered": 0.0, "percent_statements_covered_display": "0"}, "missing_lines": [3, 5, 6, 7, 8, 10, 12, 31, 33, 42, 43, 50, 52, 54, 55, 57, 58, 60, 62, 64, 66, 68, 69, 70, 72, 74, 75, 76, 84, 89, 90, 91, 92, 93, 94, 95, 98, 99, 100, 101, 106, 107, 109, 110, 111, 112, 113, 115, 116, 117, 119, 120, 124, 125, 126, 127, 129, 130, 132, 135, 137, 138, 139, 147, 151, 152, 153, 154, 156, 160, 161, 162, 163, 164, 165, 166, 170, 171, 173, 176, 177, 179, 182, 183, 184, 187, 188, 189, 190, 191, 193, 195, 196, 198, 199, 200, 201, 202, 204, 206, 207, 208, 211, 212, 213, 214, 215, 218, 219, 220, 221, 222, 223, 224, 225, 227, 228, 229, 230, 232, 233, 242, 243, 244, 245, 246, 247, 248, 255, 256], "excluded_lines": [], "start_line": 1}}}, "synapse/cli/agent.py": {"executed_lines": [], "summary": {"covered_lines": 0, "num_statements": 323, "percent_covered": 0.0, "percent_covered_display": "0", "missing_lines": 323, "excluded_lines": 0, "percent_statements_covered": 0.0, "percent_statements_covered_display": "0"}, "missing_lines": [3, 5, 6, 8, 9, 21, 23, 42, 43, 50, 52, 54, 55, 57, 58, 59, 60, 62, 63, 65, 67, 68, 70, 72, 74, 75, 76, 77, 78, 80, 82, 83, 84, 86, 88, 90, 91, 93, 95, 96, 97, 98, 99, 100, 101, 102, 103, 105, 107, 108, 109, 112, 114, 116, 118, 119, 121, 123, 125, 127, 128, 130, 131, 132, 134, 136, 138, 140, 141, 143, 145, 147, 149, 150, 152, 154, 156, 157, 159, 161, 163, 165, 166, 167, 168, 169, 170, 171, 173, 175, 176, 178, 180, 182, 184, 186, 187, 189, 191, 193, 194, 202, 203, 206, 207, 208, 209, 213, 214, 215, 216, 217, 219, 220, 221, 222, 226, 227, 228, 229, 230, 233, 236, 237, 238, 239, 243, 244, 246, 247, 248, 249, 250, 254, 257, 258, 259, 262, 263, 264, 265, 266, 267, 268, 269, 270, 271, 272, 274, 275, 276, 277, 278, 279, 280, 281, 282, 283, 284, 285, 286, 287, 289, 292, 295, 296, 297, 298, 299, 302, 303, 304, 307, 308, 309, 310, 311, 314, 320, 321, 322, 327, 328, 332, 333, 334, 339, 340, 341, 342, 343, 345, 346, 347, 348, 349, 350, 351, 352, 353, 354, 355, 357, 358, 361, 362, 364, 367, 368, 369, 370, 371, 374, 375, 376, 381, 382, 383, 384, 385, 386, 389, 390, 391, 396, 397, 398, 399, 403, 404, 405, 407, 408, 412, 413, 414, 415, 416, 421, 422, 423, 426, 427, 428, 429, 430, 431, 433, 434, 435, 436, 439, 440, 441, 444, 445, 446, 447, 448, 449, 450, 451, 454, 455, 456, 457, 458, 459, 460, 461, 464, 465, 466, 467, 468, 473, 474, 475, 476, 477, 478, 479, 480, 482, 483, 484, 485, 488, 489, 490, 491, 492, 493, 495, 498, 499, 500, 503, 504, 505, 508, 509, 510, 511, 512, 513, 514, 515, 518, 519, 520, 521, 522, 523, 524, 525, 526, 527, 528, 529, 531, 533, 534], "excluded_lines": [], "functions": {"add_parser": {"executed_lines": [], "summary": {"covered_lines": 0, "num_statements": 93, "percent_covered": 0.0, "percent_covered_display": "0", "missing_lines": 93, "excluded_lines": 0, "percent_statements_covered": 0.0, "percent_statements_covered_display": "0"}, "missing_lines": [43, 50, 52, 54, 55, 57, 58, 59, 60, 62, 63, 65, 67, 68, 70, 72, 74, 75, 76, 77, 78, 80, 82, 83, 84, 86, 88, 90, 91, 93, 95, 96, 97, 98, 99, 100, 101, 102, 103, 105, 107, 108, 109, 112, 114, 116, 118, 119, 121, 123, 125, 127, 128, 130, 131, 132, 134, 136, 138, 140, 141, 143, 145, 147, 149, 150, 152, 154, 156, 157, 159, 161, 163, 165, 166, 167, 168, 169, 170, 171, 173, 175, 176, 178, 180, 182, 184, 186, 187, 189, 191, 193, 194], "excluded_lines": [], "start_line": 42}, "_client": {"executed_lines": [], "summary": {"covered_lines": 0, "num_statements": 1, "percent_covered": 0.0, "percent_covered_display": "0", "missing_lines": 1, "excluded_lines": 0, "percent_statements_covered": 0.0, "percent_statements_covered_display": "0"}, "missing_lines": [203], "excluded_lines": [], "start_line": 202}, "_cmd_create": {"executed_lines": [], "summary": {"covered_lines": 0, "num_statements": 33, "percent_covered": 0.0, "percent_covered_display": "0", "missing_lines": 33, "excluded_lines": 0, "percent_statements_covered": 0.0, "percent_statements_covered_display": "0"}, "missing_lines": [207, 208, 209, 213, 214, 215, 216, 217, 219, 220, 221, 222, 226, 227, 228, 229, 230, 233, 236, 237, 238, 239, 243, 244, 246, 247, 248, 249, 250, 254, 257, 258, 259], "excluded_lines": [], "start_line": 206}, "_cmd_status": {"executed_lines": [], "summary": {"covered_lines": 0, "num_statements": 26, "percent_covered": 0.0, "percent_covered_display": "0", "missing_lines": 26, "excluded_lines": 0, "percent_statements_covered": 0.0, "percent_statements_covered_display": "0"}, "missing_lines": [263, 264, 265, 266, 267, 268, 269, 270, 271, 272, 274, 275, 276, 277, 278, 279, 280, 281, 282, 283, 284, 285, 286, 287, 289, 292], "excluded_lines": [], "start_line": 262}, "_cmd_description": {"executed_lines": [], "summary": {"covered_lines": 0, "num_statements": 7, "percent_covered": 0.0, "percent_covered_display": "0", "missing_lines": 7, "excluded_lines": 0, "percent_statements_covered": 0.0, "percent_statements_covered_display": "0"}, "missing_lines": [296, 297, 298, 299, 302, 303, 304], "excluded_lines": [], "start_line": 295}, "_cmd_card": {"executed_lines": [], "summary": {"covered_lines": 0, "num_statements": 31, "percent_covered": 0.0, "percent_covered_display": "0", "missing_lines": 31, "excluded_lines": 0, "percent_statements_covered": 0.0, "percent_statements_covered_display": "0"}, "missing_lines": [308, 309, 310, 311, 314, 320, 321, 322, 327, 328, 332, 333, 334, 339, 340, 341, 342, 343, 345, 346, 347, 348, 349, 350, 351, 352, 353, 354, 355, 357, 358], "excluded_lines": [], "start_line": 307}, "resolve_agent_auth_or": {"executed_lines": [], "summary": {"covered_lines": 0, "num_statements": 2, "percent_covered": 0.0, "percent_covered_display": "0", "missing_lines": 2, "excluded_lines": 0, "percent_statements_covered": 0.0, "percent_statements_covered_display": "0"}, "missing_lines": [362, 364], "excluded_lines": [], "start_line": 361}, "_cmd_department": {"executed_lines": [], "summary": {"covered_lines": 0, "num_statements": 7, "percent_covered": 0.0, "percent_covered_display": "0", "missing_lines": 7, "excluded_lines": 0, "percent_statements_covered": 0.0, "percent_statements_covered_display": "0"}, "missing_lines": [368, 369, 370, 371, 374, 375, 376], "excluded_lines": [], "start_line": 367}, "_cmd_visibility": {"executed_lines": [], "summary": {"covered_lines": 0, "num_statements": 8, "percent_covered": 0.0, "percent_covered_display": "0", "missing_lines": 8, "excluded_lines": 0, "percent_statements_covered": 0.0, "percent_statements_covered_display": "0"}, "missing_lines": [382, 383, 384, 385, 386, 389, 390, 391], "excluded_lines": [], "start_line": 381}, "_cmd_budget": {"executed_lines": [], "summary": {"covered_lines": 0, "num_statements": 16, "percent_covered": 0.0, "percent_covered_display": "0", "missing_lines": 16, "excluded_lines": 0, "percent_statements_covered": 0.0, "percent_statements_covered_display": "0"}, "missing_lines": [397, 398, 399, 403, 404, 405, 407, 408, 412, 413, 414, 415, 416, 421, 422, 423], "excluded_lines": [], "start_line": 396}, "_cmd_password": {"executed_lines": [], "summary": {"covered_lines": 0, "num_statements": 12, "percent_covered": 0.0, "percent_covered_display": "0", "missing_lines": 12, "excluded_lines": 0, "percent_statements_covered": 0.0, "percent_statements_covered_display": "0"}, "missing_lines": [427, 428, 429, 430, 431, 433, 434, 435, 436, 439, 440, 441], "excluded_lines": [], "start_line": 426}, "_cmd_deactivate": {"executed_lines": [], "summary": {"covered_lines": 0, "num_statements": 7, "percent_covered": 0.0, "percent_covered_display": "0", "missing_lines": 7, "excluded_lines": 0, "percent_statements_covered": 0.0, "percent_statements_covered_display": "0"}, "missing_lines": [445, 446, 447, 448, 449, 450, 451], "excluded_lines": [], "start_line": 444}, "_cmd_reactivate": {"executed_lines": [], "summary": {"covered_lines": 0, "num_statements": 7, "percent_covered": 0.0, "percent_covered_display": "0", "missing_lines": 7, "excluded_lines": 0, "percent_statements_covered": 0.0, "percent_statements_covered_display": "0"}, "missing_lines": [455, 456, 457, 458, 459, 460, 461], "excluded_lines": [], "start_line": 454}, "_cmd_find": {"executed_lines": [], "summary": {"covered_lines": 0, "num_statements": 16, "percent_covered": 0.0, "percent_covered_display": "0", "missing_lines": 16, "excluded_lines": 0, "percent_statements_covered": 0.0, "percent_statements_covered_display": "0"}, "missing_lines": [465, 466, 467, 468, 473, 474, 475, 476, 477, 478, 479, 480, 482, 483, 484, 485], "excluded_lines": [], "start_line": 464}, "_cmd_create_observer": {"executed_lines": [], "summary": {"covered_lines": 0, "num_statements": 12, "percent_covered": 0.0, "percent_covered_display": "0", "missing_lines": 12, "excluded_lines": 0, "percent_statements_covered": 0.0, "percent_statements_covered_display": "0"}, "missing_lines": [489, 490, 491, 492, 493, 495, 498, 499, 500, 503, 504, 505], "excluded_lines": [], "start_line": 488}, "_cmd_revoke_observer": {"executed_lines": [], "summary": {"covered_lines": 0, "num_statements": 7, "percent_covered": 0.0, "percent_covered_display": "0", "missing_lines": 7, "excluded_lines": 0, "percent_statements_covered": 0.0, "percent_statements_covered_display": "0"}, "missing_lines": [509, 510, 511, 512, 513, 514, 515], "excluded_lines": [], "start_line": 508}, "_cmd_observers": {"executed_lines": [], "summary": {"covered_lines": 0, "num_statements": 14, "percent_covered": 0.0, "percent_covered_display": "0", "missing_lines": 14, "excluded_lines": 0, "percent_statements_covered": 0.0, "percent_statements_covered_display": "0"}, "missing_lines": [519, 520, 521, 522, 523, 524, 525, 526, 527, 528, 529, 531, 533, 534], "excluded_lines": [], "start_line": 518}, "": {"executed_lines": [], "summary": {"covered_lines": 0, "num_statements": 24, "percent_covered": 0.0, "percent_covered_display": "0", "missing_lines": 24, "excluded_lines": 0, "percent_statements_covered": 0.0, "percent_statements_covered_display": "0"}, "missing_lines": [3, 5, 6, 8, 9, 21, 23, 42, 202, 206, 262, 295, 307, 361, 367, 381, 396, 426, 444, 454, 464, 488, 508, 518], "excluded_lines": [], "start_line": 1}}, "classes": {"": {"executed_lines": [], "summary": {"covered_lines": 0, "num_statements": 323, "percent_covered": 0.0, "percent_covered_display": "0", "missing_lines": 323, "excluded_lines": 0, "percent_statements_covered": 0.0, "percent_statements_covered_display": "0"}, "missing_lines": [3, 5, 6, 8, 9, 21, 23, 42, 43, 50, 52, 54, 55, 57, 58, 59, 60, 62, 63, 65, 67, 68, 70, 72, 74, 75, 76, 77, 78, 80, 82, 83, 84, 86, 88, 90, 91, 93, 95, 96, 97, 98, 99, 100, 101, 102, 103, 105, 107, 108, 109, 112, 114, 116, 118, 119, 121, 123, 125, 127, 128, 130, 131, 132, 134, 136, 138, 140, 141, 143, 145, 147, 149, 150, 152, 154, 156, 157, 159, 161, 163, 165, 166, 167, 168, 169, 170, 171, 173, 175, 176, 178, 180, 182, 184, 186, 187, 189, 191, 193, 194, 202, 203, 206, 207, 208, 209, 213, 214, 215, 216, 217, 219, 220, 221, 222, 226, 227, 228, 229, 230, 233, 236, 237, 238, 239, 243, 244, 246, 247, 248, 249, 250, 254, 257, 258, 259, 262, 263, 264, 265, 266, 267, 268, 269, 270, 271, 272, 274, 275, 276, 277, 278, 279, 280, 281, 282, 283, 284, 285, 286, 287, 289, 292, 295, 296, 297, 298, 299, 302, 303, 304, 307, 308, 309, 310, 311, 314, 320, 321, 322, 327, 328, 332, 333, 334, 339, 340, 341, 342, 343, 345, 346, 347, 348, 349, 350, 351, 352, 353, 354, 355, 357, 358, 361, 362, 364, 367, 368, 369, 370, 371, 374, 375, 376, 381, 382, 383, 384, 385, 386, 389, 390, 391, 396, 397, 398, 399, 403, 404, 405, 407, 408, 412, 413, 414, 415, 416, 421, 422, 423, 426, 427, 428, 429, 430, 431, 433, 434, 435, 436, 439, 440, 441, 444, 445, 446, 447, 448, 449, 450, 451, 454, 455, 456, 457, 458, 459, 460, 461, 464, 465, 466, 467, 468, 473, 474, 475, 476, 477, 478, 479, 480, 482, 483, 484, 485, 488, 489, 490, 491, 492, 493, 495, 498, 499, 500, 503, 504, 505, 508, 509, 510, 511, 512, 513, 514, 515, 518, 519, 520, 521, 522, 523, 524, 525, 526, 527, 528, 529, 531, 533, 534], "excluded_lines": [], "start_line": 1}}}, "synapse/cli/aliases.py": {"executed_lines": [], "summary": {"covered_lines": 0, "num_statements": 76, "percent_covered": 0.0, "percent_covered_display": "0", "missing_lines": 76, "excluded_lines": 0, "percent_statements_covered": 0.0, "percent_statements_covered_display": "0"}, "missing_lines": [13, 15, 18, 19, 24, 27, 28, 29, 30, 31, 32, 33, 34, 35, 36, 37, 38, 41, 42, 44, 45, 46, 49, 50, 52, 53, 54, 57, 58, 60, 61, 62, 63, 64, 65, 66, 67, 68, 69, 70, 71, 72, 73, 74, 75, 76, 77, 78, 81, 82, 84, 85, 86, 89, 90, 92, 93, 94, 95, 96, 97, 98, 99, 100, 101, 103, 104, 105, 106, 107, 108, 111, 112, 114, 117, 118], "excluded_lines": [], "functions": {"_warn": {"executed_lines": [], "summary": {"covered_lines": 0, "num_statements": 1, "percent_covered": 0.0, "percent_covered_display": "0", "missing_lines": 1, "excluded_lines": 0, "percent_statements_covered": 0.0, "percent_statements_covered_display": "0"}, "missing_lines": [19], "excluded_lines": [], "start_line": 18}, "_translate": {"executed_lines": [], "summary": {"covered_lines": 0, "num_statements": 12, "percent_covered": 0.0, "percent_covered_display": "0", "missing_lines": 12, "excluded_lines": 0, "percent_statements_covered": 0.0, "percent_statements_covered_display": "0"}, "missing_lines": [27, 28, 29, 30, 31, 32, 33, 34, 35, 36, 37, 38], "excluded_lines": [], "start_line": 24}, "server_alias_main": {"executed_lines": [], "summary": {"covered_lines": 0, "num_statements": 4, "percent_covered": 0.0, "percent_covered_display": "0", "missing_lines": 4, "excluded_lines": 0, "percent_statements_covered": 0.0, "percent_statements_covered_display": "0"}, "missing_lines": [42, 44, 45, 46], "excluded_lines": [], "start_line": 41}, "web_alias_main": {"executed_lines": [], "summary": {"covered_lines": 0, "num_statements": 4, "percent_covered": 0.0, "percent_covered_display": "0", "missing_lines": 4, "excluded_lines": 0, "percent_statements_covered": 0.0, "percent_statements_covered_display": "0"}, "missing_lines": [50, 52, 53, 54], "excluded_lines": [], "start_line": 49}, "init_org_alias_main": {"executed_lines": [], "summary": {"covered_lines": 0, "num_statements": 20, "percent_covered": 0.0, "percent_covered_display": "0", "missing_lines": 20, "excluded_lines": 0, "percent_statements_covered": 0.0, "percent_statements_covered_display": "0"}, "missing_lines": [58, 60, 61, 62, 63, 64, 65, 66, 67, 68, 69, 70, 71, 72, 73, 74, 75, 76, 77, 78], "excluded_lines": [], "start_line": 57}, "backup_alias_main": {"executed_lines": [], "summary": {"covered_lines": 0, "num_statements": 4, "percent_covered": 0.0, "percent_covered_display": "0", "missing_lines": 4, "excluded_lines": 0, "percent_statements_covered": 0.0, "percent_statements_covered_display": "0"}, "missing_lines": [82, 84, 85, 86], "excluded_lines": [], "start_line": 81}, "restore_alias_main": {"executed_lines": [], "summary": {"covered_lines": 0, "num_statements": 17, "percent_covered": 0.0, "percent_covered_display": "0", "missing_lines": 17, "excluded_lines": 0, "percent_statements_covered": 0.0, "percent_statements_covered_display": "0"}, "missing_lines": [90, 92, 93, 94, 95, 96, 97, 98, 99, 100, 101, 103, 104, 105, 106, 107, 108], "excluded_lines": [], "start_line": 89}, "a2a_bridge_alias_main": {"executed_lines": [], "summary": {"covered_lines": 0, "num_statements": 4, "percent_covered": 0.0, "percent_covered_display": "0", "missing_lines": 4, "excluded_lines": 0, "percent_statements_covered": 0.0, "percent_statements_covered_display": "0"}, "missing_lines": [112, 114, 117, 118], "excluded_lines": [], "start_line": 111}, "": {"executed_lines": [], "summary": {"covered_lines": 0, "num_statements": 10, "percent_covered": 0.0, "percent_covered_display": "0", "missing_lines": 10, "excluded_lines": 0, "percent_statements_covered": 0.0, "percent_statements_covered_display": "0"}, "missing_lines": [13, 15, 18, 24, 41, 49, 57, 81, 89, 111], "excluded_lines": [], "start_line": 1}}, "classes": {"": {"executed_lines": [], "summary": {"covered_lines": 0, "num_statements": 76, "percent_covered": 0.0, "percent_covered_display": "0", "missing_lines": 76, "excluded_lines": 0, "percent_statements_covered": 0.0, "percent_statements_covered_display": "0"}, "missing_lines": [13, 15, 18, 19, 24, 27, 28, 29, 30, 31, 32, 33, 34, 35, 36, 37, 38, 41, 42, 44, 45, 46, 49, 50, 52, 53, 54, 57, 58, 60, 61, 62, 63, 64, 65, 66, 67, 68, 69, 70, 71, 72, 73, 74, 75, 76, 77, 78, 81, 82, 84, 85, 86, 89, 90, 92, 93, 94, 95, 96, 97, 98, 99, 100, 101, 103, 104, 105, 106, 107, 108, 111, 112, 114, 117, 118], "excluded_lines": [], "start_line": 1}}}, "synapse/cli/api.py": {"executed_lines": [], "summary": {"covered_lines": 0, "num_statements": 179, "percent_covered": 0.0, "percent_covered_display": "0", "missing_lines": 179, "excluded_lines": 0, "percent_statements_covered": 0.0, "percent_statements_covered_display": "0"}, "missing_lines": [9, 11, 13, 14, 15, 22, 24, 40, 46, 47, 57, 59, 60, 61, 62, 64, 66, 69, 73, 75, 76, 77, 88, 92, 94, 95, 96, 97, 98, 99, 101, 102, 103, 104, 105, 106, 107, 108, 109, 111, 112, 113, 119, 120, 121, 122, 123, 124, 125, 126, 127, 128, 129, 130, 131, 132, 133, 134, 135, 136, 137, 138, 139, 140, 142, 143, 144, 145, 146, 148, 149, 151, 157, 161, 163, 164, 166, 167, 168, 169, 170, 173, 175, 176, 178, 179, 180, 181, 182, 183, 185, 187, 189, 192, 196, 197, 198, 199, 200, 201, 202, 205, 206, 207, 208, 209, 210, 211, 212, 213, 215, 216, 217, 220, 224, 225, 228, 229, 230, 231, 232, 235, 240, 241, 242, 244, 248, 250, 251, 252, 253, 255, 256, 260, 261, 265, 268, 271, 274, 276, 277, 278, 281, 283, 286, 287, 288, 289, 290, 295, 299, 302, 305, 306, 309, 314, 315, 316, 317, 318, 323, 326, 328, 329, 330, 331, 332, 333, 334, 335, 338, 339, 341, 342, 343, 344, 345, 346, 349], "excluded_lines": [], "functions": {"add_parser": {"executed_lines": [], "summary": {"covered_lines": 0, "num_statements": 8, "percent_covered": 0.0, "percent_covered_display": "0", "missing_lines": 8, "excluded_lines": 0, "percent_statements_covered": 0.0, "percent_statements_covered_display": "0"}, "missing_lines": [47, 57, 59, 60, 61, 62, 64, 66], "excluded_lines": [], "start_line": 46}, "_cmd_api": {"executed_lines": [], "summary": {"covered_lines": 0, "num_statements": 4, "percent_covered": 0.0, "percent_covered_display": "0", "missing_lines": 4, "excluded_lines": 0, "percent_statements_covered": 0.0, "percent_statements_covered_display": "0"}, "missing_lines": [73, 75, 76, 77], "excluded_lines": [], "start_line": 69}, "run_raw": {"executed_lines": [], "summary": {"covered_lines": 0, "num_statements": 49, "percent_covered": 0.0, "percent_covered_display": "0", "missing_lines": 49, "excluded_lines": 0, "percent_statements_covered": 0.0, "percent_statements_covered_display": "0"}, "missing_lines": [92, 94, 95, 96, 97, 98, 99, 101, 102, 103, 104, 105, 106, 107, 108, 109, 111, 112, 113, 119, 120, 121, 122, 123, 124, 125, 126, 127, 128, 129, 130, 131, 132, 133, 134, 135, 136, 137, 138, 139, 140, 142, 143, 144, 145, 146, 148, 149, 151], "excluded_lines": [], "start_line": 88}, "run_api": {"executed_lines": [], "summary": {"covered_lines": 0, "num_statements": 20, "percent_covered": 0.0, "percent_covered_display": "0", "missing_lines": 20, "excluded_lines": 0, "percent_statements_covered": 0.0, "percent_statements_covered_display": "0"}, "missing_lines": [161, 163, 164, 166, 167, 168, 169, 170, 173, 175, 176, 178, 179, 180, 181, 182, 183, 185, 187, 189], "excluded_lines": [], "start_line": 157}, "_parse_params": {"executed_lines": [], "summary": {"covered_lines": 0, "num_statements": 19, "percent_covered": 0.0, "percent_covered_display": "0", "missing_lines": 19, "excluded_lines": 0, "percent_statements_covered": 0.0, "percent_statements_covered_display": "0"}, "missing_lines": [196, 197, 198, 199, 200, 201, 202, 205, 206, 207, 208, 209, 210, 211, 212, 213, 215, 216, 217], "excluded_lines": [], "start_line": 192}, "_apply_spec_defaults": {"executed_lines": [], "summary": {"covered_lines": 0, "num_statements": 7, "percent_covered": 0.0, "percent_covered_display": "0", "missing_lines": 7, "excluded_lines": 0, "percent_statements_covered": 0.0, "percent_statements_covered_display": "0"}, "missing_lines": [224, 225, 228, 229, 230, 231, 232], "excluded_lines": [], "start_line": 220}, "_resolve_auth": {"executed_lines": [], "summary": {"covered_lines": 0, "num_statements": 4, "percent_covered": 0.0, "percent_covered_display": "0", "missing_lines": 4, "excluded_lines": 0, "percent_statements_covered": 0.0, "percent_statements_covered_display": "0"}, "missing_lines": [240, 241, 242, 244], "excluded_lines": [], "start_line": 235}, "_auth_organization": {"executed_lines": [], "summary": {"covered_lines": 0, "num_statements": 9, "percent_covered": 0.0, "percent_covered_display": "0", "missing_lines": 9, "excluded_lines": 0, "percent_statements_covered": 0.0, "percent_statements_covered_display": "0"}, "missing_lines": [250, 251, 252, 253, 255, 256, 260, 261, 265], "excluded_lines": [], "start_line": 248}, "_auth_account": {"executed_lines": [], "summary": {"covered_lines": 0, "num_statements": 14, "percent_covered": 0.0, "percent_covered_display": "0", "missing_lines": 14, "excluded_lines": 0, "percent_statements_covered": 0.0, "percent_statements_covered_display": "0"}, "missing_lines": [271, 274, 276, 277, 278, 281, 283, 286, 287, 288, 289, 290, 295, 299], "excluded_lines": [], "start_line": 268}, "_SecretArgs.__init__": {"executed_lines": [], "summary": {"covered_lines": 0, "num_statements": 1, "percent_covered": 0.0, "percent_covered_display": "0", "missing_lines": 1, "excluded_lines": 0, "percent_statements_covered": 0.0, "percent_statements_covered_display": "0"}, "missing_lines": [306], "excluded_lines": [], "start_line": 305}, "_fill_secret_params": {"executed_lines": [], "summary": {"covered_lines": 0, "num_statements": 6, "percent_covered": 0.0, "percent_covered_display": "0", "missing_lines": 6, "excluded_lines": 0, "percent_statements_covered": 0.0, "percent_statements_covered_display": "0"}, "missing_lines": [314, 315, 316, 317, 318, 323], "excluded_lines": [], "start_line": 309}, "_coerce": {"executed_lines": [], "summary": {"covered_lines": 0, "num_statements": 8, "percent_covered": 0.0, "percent_covered_display": "0", "missing_lines": 8, "excluded_lines": 0, "percent_statements_covered": 0.0, "percent_statements_covered_display": "0"}, "missing_lines": [328, 329, 330, 331, 332, 333, 334, 335], "excluded_lines": [], "start_line": 326}, "_unique_org": {"executed_lines": [], "summary": {"covered_lines": 0, "num_statements": 8, "percent_covered": 0.0, "percent_covered_display": "0", "missing_lines": 8, "excluded_lines": 0, "percent_statements_covered": 0.0, "percent_statements_covered_display": "0"}, "missing_lines": [339, 341, 342, 343, 344, 345, 346, 349], "excluded_lines": [], "start_line": 338}, "": {"executed_lines": [], "summary": {"covered_lines": 0, "num_statements": 22, "percent_covered": 0.0, "percent_covered_display": "0", "missing_lines": 22, "excluded_lines": 0, "percent_statements_covered": 0.0, "percent_statements_covered_display": "0"}, "missing_lines": [9, 11, 13, 14, 15, 22, 24, 40, 46, 69, 88, 157, 192, 220, 235, 248, 268, 302, 305, 309, 326, 338], "excluded_lines": [], "start_line": 1}}, "classes": {"_SecretArgs": {"executed_lines": [], "summary": {"covered_lines": 0, "num_statements": 1, "percent_covered": 0.0, "percent_covered_display": "0", "missing_lines": 1, "excluded_lines": 0, "percent_statements_covered": 0.0, "percent_statements_covered_display": "0"}, "missing_lines": [306], "excluded_lines": [], "start_line": 302}, "": {"executed_lines": [], "summary": {"covered_lines": 0, "num_statements": 178, "percent_covered": 0.0, "percent_covered_display": "0", "missing_lines": 178, "excluded_lines": 0, "percent_statements_covered": 0.0, "percent_statements_covered_display": "0"}, "missing_lines": [9, 11, 13, 14, 15, 22, 24, 40, 46, 47, 57, 59, 60, 61, 62, 64, 66, 69, 73, 75, 76, 77, 88, 92, 94, 95, 96, 97, 98, 99, 101, 102, 103, 104, 105, 106, 107, 108, 109, 111, 112, 113, 119, 120, 121, 122, 123, 124, 125, 126, 127, 128, 129, 130, 131, 132, 133, 134, 135, 136, 137, 138, 139, 140, 142, 143, 144, 145, 146, 148, 149, 151, 157, 161, 163, 164, 166, 167, 168, 169, 170, 173, 175, 176, 178, 179, 180, 181, 182, 183, 185, 187, 189, 192, 196, 197, 198, 199, 200, 201, 202, 205, 206, 207, 208, 209, 210, 211, 212, 213, 215, 216, 217, 220, 224, 225, 228, 229, 230, 231, 232, 235, 240, 241, 242, 244, 248, 250, 251, 252, 253, 255, 256, 260, 261, 265, 268, 271, 274, 276, 277, 278, 281, 283, 286, 287, 288, 289, 290, 295, 299, 302, 305, 309, 314, 315, 316, 317, 318, 323, 326, 328, 329, 330, 331, 332, 333, 334, 335, 338, 339, 341, 342, 343, 344, 345, 346, 349], "excluded_lines": [], "start_line": 1}}}, "synapse/cli/backup.py": {"executed_lines": [], "summary": {"covered_lines": 0, "num_statements": 145, "percent_covered": 0.0, "percent_covered_display": "0", "missing_lines": 145, "excluded_lines": 0, "percent_statements_covered": 0.0, "percent_statements_covered_display": "0"}, "missing_lines": [3, 5, 6, 7, 9, 10, 11, 12, 20, 22, 33, 34, 41, 43, 45, 47, 49, 51, 53, 55, 56, 58, 60, 62, 64, 65, 67, 69, 71, 73, 74, 76, 79, 81, 83, 86, 87, 95, 96, 97, 98, 99, 100, 101, 102, 103, 104, 105, 106, 107, 110, 111, 112, 113, 116, 117, 118, 119, 123, 124, 125, 126, 127, 128, 131, 132, 133, 134, 135, 136, 138, 140, 141, 148, 149, 150, 151, 152, 153, 157, 158, 161, 162, 163, 164, 165, 166, 167, 168, 169, 170, 171, 172, 175, 176, 177, 178, 181, 182, 183, 184, 185, 186, 187, 188, 190, 191, 192, 193, 194, 195, 196, 197, 198, 199, 200, 201, 202, 203, 204, 205, 206, 207, 210, 212, 213, 214, 215, 220, 221, 222, 223, 224, 225, 226, 227, 228, 229, 230, 231, 232, 233, 236, 237, 238], "excluded_lines": [], "functions": {"add_parser": {"executed_lines": [], "summary": {"covered_lines": 0, "num_statements": 26, "percent_covered": 0.0, "percent_covered_display": "0", "missing_lines": 26, "excluded_lines": 0, "percent_statements_covered": 0.0, "percent_statements_covered_display": "0"}, "missing_lines": [34, 41, 43, 45, 47, 49, 51, 53, 55, 56, 58, 60, 62, 64, 65, 67, 69, 71, 73, 74, 76, 79, 81, 83, 86, 87], "excluded_lines": [], "start_line": 33}, "_cmd_create": {"executed_lines": [], "summary": {"covered_lines": 0, "num_statements": 12, "percent_covered": 0.0, "percent_covered_display": "0", "missing_lines": 12, "excluded_lines": 0, "percent_statements_covered": 0.0, "percent_statements_covered_display": "0"}, "missing_lines": [96, 97, 98, 99, 100, 101, 102, 103, 104, 105, 106, 107], "excluded_lines": [], "start_line": 95}, "_with_backup_dir": {"executed_lines": [], "summary": {"covered_lines": 0, "num_statements": 3, "percent_covered": 0.0, "percent_covered_display": "0", "missing_lines": 3, "excluded_lines": 0, "percent_statements_covered": 0.0, "percent_statements_covered_display": "0"}, "missing_lines": [111, 112, 113], "excluded_lines": [], "start_line": 110}, "_cmd_restore": {"executed_lines": [], "summary": {"covered_lines": 0, "num_statements": 9, "percent_covered": 0.0, "percent_covered_display": "0", "missing_lines": 9, "excluded_lines": 0, "percent_statements_covered": 0.0, "percent_statements_covered_display": "0"}, "missing_lines": [117, 118, 119, 123, 124, 125, 126, 127, 128], "excluded_lines": [], "start_line": 116}, "_cmd_list": {"executed_lines": [], "summary": {"covered_lines": 0, "num_statements": 16, "percent_covered": 0.0, "percent_covered_display": "0", "missing_lines": 16, "excluded_lines": 0, "percent_statements_covered": 0.0, "percent_statements_covered_display": "0"}, "missing_lines": [132, 133, 134, 135, 136, 138, 140, 141, 148, 149, 150, 151, 152, 153, 157, 158], "excluded_lines": [], "start_line": 131}, "_cmd_prune": {"executed_lines": [], "summary": {"covered_lines": 0, "num_statements": 15, "percent_covered": 0.0, "percent_covered_display": "0", "missing_lines": 15, "excluded_lines": 0, "percent_statements_covered": 0.0, "percent_statements_covered_display": "0"}, "missing_lines": [162, 163, 164, 165, 166, 167, 168, 169, 170, 171, 172, 175, 176, 177, 178], "excluded_lines": [], "start_line": 161}, "_cmd_verify": {"executed_lines": [], "summary": {"covered_lines": 0, "num_statements": 25, "percent_covered": 0.0, "percent_covered_display": "0", "missing_lines": 25, "excluded_lines": 0, "percent_statements_covered": 0.0, "percent_statements_covered_display": "0"}, "missing_lines": [182, 183, 184, 185, 186, 187, 188, 190, 191, 192, 193, 194, 195, 196, 197, 198, 199, 200, 201, 202, 203, 204, 205, 206, 207], "excluded_lines": [], "start_line": 181}, "_header": {"executed_lines": [], "summary": {"covered_lines": 0, "num_statements": 18, "percent_covered": 0.0, "percent_covered_display": "0", "missing_lines": 18, "excluded_lines": 0, "percent_statements_covered": 0.0, "percent_statements_covered_display": "0"}, "missing_lines": [212, 213, 214, 215, 220, 221, 222, 223, 224, 225, 226, 227, 228, 229, 230, 231, 232, 233], "excluded_lines": [], "start_line": 210}, "_header_date": {"executed_lines": [], "summary": {"covered_lines": 0, "num_statements": 2, "percent_covered": 0.0, "percent_covered_display": "0", "missing_lines": 2, "excluded_lines": 0, "percent_statements_covered": 0.0, "percent_statements_covered_display": "0"}, "missing_lines": [237, 238], "excluded_lines": [], "start_line": 236}, "": {"executed_lines": [], "summary": {"covered_lines": 0, "num_statements": 19, "percent_covered": 0.0, "percent_covered_display": "0", "missing_lines": 19, "excluded_lines": 0, "percent_statements_covered": 0.0, "percent_statements_covered_display": "0"}, "missing_lines": [3, 5, 6, 7, 9, 10, 11, 12, 20, 22, 33, 95, 110, 116, 131, 161, 181, 210, 236], "excluded_lines": [], "start_line": 1}}, "classes": {"": {"executed_lines": [], "summary": {"covered_lines": 0, "num_statements": 145, "percent_covered": 0.0, "percent_covered_display": "0", "missing_lines": 145, "excluded_lines": 0, "percent_statements_covered": 0.0, "percent_statements_covered_display": "0"}, "missing_lines": [3, 5, 6, 7, 9, 10, 11, 12, 20, 22, 33, 34, 41, 43, 45, 47, 49, 51, 53, 55, 56, 58, 60, 62, 64, 65, 67, 69, 71, 73, 74, 76, 79, 81, 83, 86, 87, 95, 96, 97, 98, 99, 100, 101, 102, 103, 104, 105, 106, 107, 110, 111, 112, 113, 116, 117, 118, 119, 123, 124, 125, 126, 127, 128, 131, 132, 133, 134, 135, 136, 138, 140, 141, 148, 149, 150, 151, 152, 153, 157, 158, 161, 162, 163, 164, 165, 166, 167, 168, 169, 170, 171, 172, 175, 176, 177, 178, 181, 182, 183, 184, 185, 186, 187, 188, 190, 191, 192, 193, 194, 195, 196, 197, 198, 199, 200, 201, 202, 203, 204, 205, 206, 207, 210, 212, 213, 214, 215, 220, 221, 222, 223, 224, 225, 226, 227, 228, 229, 230, 231, 232, 233, 236, 237, 238], "excluded_lines": [], "start_line": 1}}}, "synapse/cli/common.py": {"executed_lines": [], "summary": {"covered_lines": 0, "num_statements": 253, "percent_covered": 0.0, "percent_covered_display": "0", "missing_lines": 253, "excluded_lines": 0, "percent_statements_covered": 0.0, "percent_statements_covered_display": "0"}, "missing_lines": [22, 24, 25, 26, 27, 28, 29, 30, 31, 33, 34, 35, 37, 42, 43, 44, 45, 48, 54, 55, 56, 57, 60, 67, 68, 69, 80, 87, 88, 89, 90, 91, 92, 93, 94, 95, 98, 102, 103, 104, 105, 106, 107, 110, 112, 114, 117, 118, 121, 126, 127, 128, 130, 131, 132, 140, 142, 143, 144, 145, 146, 147, 148, 151, 153, 155, 163, 166, 169, 176, 177, 178, 179, 180, 181, 189, 192, 193, 200, 207, 208, 210, 211, 212, 216, 217, 218, 219, 222, 223, 224, 225, 226, 227, 228, 229, 236, 244, 245, 246, 247, 248, 249, 252, 260, 261, 262, 263, 264, 265, 270, 273, 274, 275, 276, 279, 287, 288, 289, 299, 300, 303, 304, 309, 310, 311, 312, 313, 314, 315, 317, 318, 321, 322, 323, 324, 325, 326, 327, 330, 331, 332, 333, 334, 337, 339, 341, 344, 350, 352, 353, 354, 357, 359, 361, 364, 366, 368, 371, 373, 374, 375, 376, 377, 378, 386, 393, 394, 395, 396, 397, 399, 400, 402, 406, 412, 413, 414, 415, 416, 417, 418, 419, 420, 421, 422, 423, 424, 425, 426, 430, 431, 432, 433, 434, 437, 439, 440, 441, 442, 443, 444, 452, 459, 460, 462, 463, 465, 467, 470, 473, 476, 477, 480, 484, 486, 487, 488, 491, 493, 494, 495, 496, 497, 498, 499, 500, 501, 502, 503, 506, 508, 509, 510, 511, 512, 513, 514, 517, 519, 520, 522, 523, 524, 525, 526, 527, 528, 529, 530, 531, 532, 533], "excluded_lines": [], "functions": {"CliError.__init__": {"executed_lines": [], "summary": {"covered_lines": 0, "num_statements": 3, "percent_covered": 0.0, "percent_covered_display": "0", "missing_lines": 3, "excluded_lines": 0, "percent_statements_covered": 0.0, "percent_statements_covered_display": "0"}, "missing_lines": [55, 56, 57], "excluded_lines": [], "start_line": 54}, "Parser.error": {"executed_lines": [], "summary": {"covered_lines": 0, "num_statements": 2, "percent_covered": 0.0, "percent_covered_display": "0", "missing_lines": 2, "excluded_lines": 0, "percent_statements_covered": 0.0, "percent_statements_covered_display": "0"}, "missing_lines": [68, 69], "excluded_lines": [], "start_line": 67}, "resolve_config": {"executed_lines": [], "summary": {"covered_lines": 0, "num_statements": 9, "percent_covered": 0.0, "percent_covered_display": "0", "missing_lines": 9, "excluded_lines": 0, "percent_statements_covered": 0.0, "percent_statements_covered_display": "0"}, "missing_lines": [87, 88, 89, 90, 91, 92, 93, 94, 95], "excluded_lines": [], "start_line": 80}, "config_arg_path": {"executed_lines": [], "summary": {"covered_lines": 0, "num_statements": 6, "percent_covered": 0.0, "percent_covered_display": "0", "missing_lines": 6, "excluded_lines": 0, "percent_statements_covered": 0.0, "percent_statements_covered_display": "0"}, "missing_lines": [102, 103, 104, 105, 106, 107], "excluded_lines": [], "start_line": 98}, "run_dir": {"executed_lines": [], "summary": {"covered_lines": 0, "num_statements": 2, "percent_covered": 0.0, "percent_covered_display": "0", "missing_lines": 2, "excluded_lines": 0, "percent_statements_covered": 0.0, "percent_statements_covered_display": "0"}, "missing_lines": [112, 114], "excluded_lines": [], "start_line": 110}, "now_iso": {"executed_lines": [], "summary": {"covered_lines": 0, "num_statements": 1, "percent_covered": 0.0, "percent_covered_display": "0", "missing_lines": 1, "excluded_lines": 0, "percent_statements_covered": 0.0, "percent_statements_covered_display": "0"}, "missing_lines": [118], "excluded_lines": [], "start_line": 117}, "normalize_datetime": {"executed_lines": [], "summary": {"covered_lines": 0, "num_statements": 6, "percent_covered": 0.0, "percent_covered_display": "0", "missing_lines": 6, "excluded_lines": 0, "percent_statements_covered": 0.0, "percent_statements_covered_display": "0"}, "missing_lines": [126, 127, 128, 130, 131, 132], "excluded_lines": [], "start_line": 121}, "read_web_token": {"executed_lines": [], "summary": {"covered_lines": 0, "num_statements": 7, "percent_covered": 0.0, "percent_covered_display": "0", "missing_lines": 7, "excluded_lines": 0, "percent_statements_covered": 0.0, "percent_statements_covered_display": "0"}, "missing_lines": [142, 143, 144, 145, 146, 147, 148], "excluded_lines": [], "start_line": 140}, "socket_responds": {"executed_lines": [], "summary": {"covered_lines": 0, "num_statements": 2, "percent_covered": 0.0, "percent_covered_display": "0", "missing_lines": 2, "excluded_lines": 0, "percent_statements_covered": 0.0, "percent_statements_covered_display": "0"}, "missing_lines": [153, 155], "excluded_lines": [], "start_line": 151}, "getpass_get": {"executed_lines": [], "summary": {"covered_lines": 0, "num_statements": 1, "percent_covered": 0.0, "percent_covered_display": "0", "missing_lines": 1, "excluded_lines": 0, "percent_statements_covered": 0.0, "percent_statements_covered_display": "0"}, "missing_lines": [166], "excluded_lines": [], "start_line": 163}, "read_password": {"executed_lines": [], "summary": {"covered_lines": 0, "num_statements": 6, "percent_covered": 0.0, "percent_covered_display": "0", "missing_lines": 6, "excluded_lines": 0, "percent_statements_covered": 0.0, "percent_statements_covered_display": "0"}, "missing_lines": [176, 177, 178, 179, 180, 181], "excluded_lines": [], "start_line": 169}, "require_service": {"executed_lines": [], "summary": {"covered_lines": 0, "num_statements": 2, "percent_covered": 0.0, "percent_covered_display": "0", "missing_lines": 2, "excluded_lines": 0, "percent_statements_covered": 0.0, "percent_statements_covered_display": "0"}, "missing_lines": [192, 193], "excluded_lines": [], "start_line": 189}, "unique_org_name": {"executed_lines": [], "summary": {"covered_lines": 0, "num_statements": 17, "percent_covered": 0.0, "percent_covered_display": "0", "missing_lines": 17, "excluded_lines": 0, "percent_statements_covered": 0.0, "percent_statements_covered_display": "0"}, "missing_lines": [207, 208, 210, 211, 212, 216, 217, 218, 219, 222, 223, 224, 225, 226, 227, 228, 229], "excluded_lines": [], "start_line": 200}, "resolve_org_auth": {"executed_lines": [], "summary": {"covered_lines": 0, "num_statements": 6, "percent_covered": 0.0, "percent_covered_display": "0", "missing_lines": 6, "excluded_lines": 0, "percent_statements_covered": 0.0, "percent_statements_covered_display": "0"}, "missing_lines": [244, 245, 246, 247, 248, 249], "excluded_lines": [], "start_line": 236}, "resolve_hu
[...]
ay": "0", "missing_lines": 1, "excluded_lines": 0, "percent_statements_covered": 0.0, "percent_statements_covered_display": "0"}, "missing_lines": [550], "excluded_lines": [], "start_line": 549}, "SynapseWebUI.__init__": {"executed_lines": [], "summary": {"covered_lines": 0, "num_statements": 13, "percent_covered": 0.0, "percent_covered_display": "0", "missing_lines": 13, "excluded_lines": 0, "percent_statements_covered": 0.0, "percent_statements_covered_display": "0"}, "missing_lines": [570, 571, 572, 573, 574, 575, 577, 578, 579, 580, 581, 582, 586], "excluded_lines": [], "start_line": 568}, "SynapseWebUI.web_token": {"executed_lines": [], "summary": {"covered_lines": 0, "num_statements": 1, "percent_covered": 0.0, "percent_covered_display": "0", "missing_lines": 1, "excluded_lines": 0, "percent_statements_covered": 0.0, "percent_statements_covered_display": "0"}, "missing_lines": [590], "excluded_lines": [], "start_line": 589}, "SynapseWebUI.list_orgs": {"executed_lines": [], "summary": {"covered_lines": 0, "num_statements": 1, "percent_covered": 0.0, "percent_covered_display": "0", "missing_lines": 1, "excluded_lines": 0, "percent_statements_covered": 0.0, "percent_statements_covered_display": "0"}, "missing_lines": [594], "excluded_lines": [], "start_line": 592}, "SynapseWebUI.login": {"executed_lines": [], "summary": {"covered_lines": 0, "num_statements": 32, "percent_covered": 0.0, "percent_covered_display": "0", "missing_lines": 32, "excluded_lines": 0, "percent_statements_covered": 0.0, "percent_statements_covered_display": "0"}, "missing_lines": [612, 613, 614, 615, 616, 617, 618, 619, 620, 621, 622, 623, 624, 625, 626, 627, 628, 629, 630, 631, 632, 633, 634, 635, 636, 637, 638, 639, 640, 641, 642, 646], "excluded_lines": [], "start_line": 599}, "SynapseWebUI.get_session": {"executed_lines": [], "summary": {"covered_lines": 0, "num_statements": 12, "percent_covered": 0.0, "percent_covered_display": "0", "missing_lines": 12, "excluded_lines": 0, "percent_statements_covered": 0.0, "percent_statements_covered_display": "0"}, "missing_lines": [649, 650, 651, 652, 653, 654, 655, 656, 657, 658, 659, 664], "excluded_lines": [], "start_line": 648}, "SynapseWebUI.destroy_session": {"executed_lines": [], "summary": {"covered_lines": 0, "num_statements": 4, "percent_covered": 0.0, "percent_covered_display": "0", "missing_lines": 4, "excluded_lines": 0, "percent_statements_covered": 0.0, "percent_statements_covered_display": "0"}, "missing_lines": [667, 668, 669, 670], "excluded_lines": [], "start_line": 666}, "SynapseWebUI.destroy_session_for": {"executed_lines": [], "summary": {"covered_lines": 0, "num_statements": 5, "percent_covered": 0.0, "percent_covered_display": "0", "missing_lines": 5, "excluded_lines": 0, "percent_statements_covered": 0.0, "percent_statements_covered_display": "0"}, "missing_lines": [673, 674, 675, 676, 677], "excluded_lines": [], "start_line": 672}, "SynapseWebUI.session_info": {"executed_lines": [], "summary": {"covered_lines": 0, "num_statements": 3, "percent_covered": 0.0, "percent_covered_display": "0", "missing_lines": 3, "excluded_lines": 0, "percent_statements_covered": 0.0, "percent_statements_covered_display": "0"}, "missing_lines": [681, 682, 683], "excluded_lines": [], "start_line": 679}, "SynapseWebUI._prune_sessions_locked": {"executed_lines": [], "summary": {"covered_lines": 0, "num_statements": 3, "percent_covered": 0.0, "percent_covered_display": "0", "missing_lines": 3, "excluded_lines": 0, "percent_statements_covered": 0.0, "percent_statements_covered_display": "0"}, "missing_lines": [691, 695, 696], "excluded_lines": [], "start_line": 690}, "SynapseWebUI._invalidate": {"executed_lines": [], "summary": {"covered_lines": 0, "num_statements": 2, "percent_covered": 0.0, "percent_covered_display": "0", "missing_lines": 2, "excluded_lines": 0, "percent_statements_covered": 0.0, "percent_statements_covered_display": "0"}, "missing_lines": [703, 704], "excluded_lines": [], "start_line": 702}, "SynapseWebUI._cached": {"executed_lines": [], "summary": {"covered_lines": 0, "num_statements": 11, "percent_covered": 0.0, "percent_covered_display": "0", "missing_lines": 11, "excluded_lines": 0, "percent_statements_covered": 0.0, "percent_statements_covered_display": "0"}, "missing_lines": [707, 708, 709, 710, 711, 712, 713, 714, 715, 716, 717], "excluded_lines": [], "start_line": 706}, "SynapseWebUI._client": {"executed_lines": [], "summary": {"covered_lines": 0, "num_statements": 1, "percent_covered": 0.0, "percent_covered_display": "0", "missing_lines": 1, "excluded_lines": 0, "percent_statements_covered": 0.0, "percent_statements_covered_display": "0"}, "missing_lines": [720], "excluded_lines": [], "start_line": 719}, "SynapseWebUI.snapshot": {"executed_lines": [], "summary": {"covered_lines": 0, "num_statements": 2, "percent_covered": 0.0, "percent_covered_display": "0", "missing_lines": 2, "excluded_lines": 0, "percent_statements_covered": 0.0, "percent_statements_covered_display": "0"}, "missing_lines": [726, 727], "excluded_lines": [], "start_line": 725}, "SynapseWebUI.org": {"executed_lines": [], "summary": {"covered_lines": 0, "num_statements": 2, "percent_covered": 0.0, "percent_covered_display": "0", "missing_lines": 2, "excluded_lines": 0, "percent_statements_covered": 0.0, "percent_statements_covered_display": "0"}, "missing_lines": [731, 738], "excluded_lines": [], "start_line": 730}, "SynapseWebUI.org.fn": {"executed_lines": [], "summary": {"covered_lines": 0, "num_statements": 5, "percent_covered": 0.0, "percent_covered_display": "0", "missing_lines": 5, "excluded_lines": 0, "percent_statements_covered": 0.0, "percent_statements_covered_display": "0"}, "missing_lines": [732, 734, 735, 736, 737], "excluded_lines": [], "start_line": 731}, "SynapseWebUI.agent": {"executed_lines": [], "summary": {"covered_lines": 0, "num_statements": 2, "percent_covered": 0.0, "percent_covered_display": "0", "missing_lines": 2, "excluded_lines": 0, "percent_statements_covered": 0.0, "percent_statements_covered_display": "0"}, "missing_lines": [741, 758], "excluded_lines": [], "start_line": 740}, "SynapseWebUI.agent.fn": {"executed_lines": [], "summary": {"covered_lines": 0, "num_statements": 9, "percent_covered": 0.0, "percent_covered_display": "0", "missing_lines": 9, "excluded_lines": 4, "percent_statements_covered": 0.0, "percent_statements_covered_display": "0"}, "missing_lines": [742, 743, 745, 746, 748, 751, 752, 754, 757], "excluded_lines": [749, 750, 755, 756], "start_line": 741}, "SynapseWebUI.search": {"executed_lines": [], "summary": {"covered_lines": 0, "num_statements": 2, "percent_covered": 0.0, "percent_covered_display": "0", "missing_lines": 2, "excluded_lines": 0, "percent_statements_covered": 0.0, "percent_statements_covered_display": "0"}, "missing_lines": [762, 767], "excluded_lines": [], "start_line": 760}, "SynapseWebUI.search.fn": {"executed_lines": [], "summary": {"covered_lines": 0, "num_statements": 1, "percent_covered": 0.0, "percent_covered_display": "0", "missing_lines": 1, "excluded_lines": 0, "percent_statements_covered": 0.0, "percent_statements_covered_display": "0"}, "missing_lines": [763], "excluded_lines": [], "start_line": 762}, "SynapseWebUI.conversations": {"executed_lines": [], "summary": {"covered_lines": 0, "num_statements": 2, "percent_covered": 0.0, "percent_covered_display": "0", "missing_lines": 2, "excluded_lines": 0, "percent_statements_covered": 0.0, "percent_statements_covered_display": "0"}, "missing_lines": [771, 772], "excluded_lines": [], "start_line": 770}, "SynapseWebUI.conversation": {"executed_lines": [], "summary": {"covered_lines": 0, "num_statements": 14, "percent_covered": 0.0, "percent_covered_display": "0", "missing_lines": 14, "excluded_lines": 0, "percent_statements_covered": 0.0, "percent_statements_covered_display": "0"}, "missing_lines": [778, 779, 785, 786, 787, 788, 789, 791, 792, 793, 794, 795, 798, 799], "excluded_lines": [], "start_line": 776}, "SynapseWebUI.groups": {"executed_lines": [], "summary": {"covered_lines": 0, "num_statements": 3, "percent_covered": 0.0, "percent_covered_display": "0", "missing_lines": 3, "excluded_lines": 0, "percent_statements_covered": 0.0, "percent_statements_covered_display": "0"}, "missing_lines": [803, 804, 805], "excluded_lines": [], "start_line": 801}, "SynapseWebUI.group": {"executed_lines": [], "summary": {"covered_lines": 0, "num_statements": 4, "percent_covered": 0.0, "percent_covered_display": "0", "missing_lines": 4, "excluded_lines": 0, "percent_statements_covered": 0.0, "percent_statements_covered_display": "0"}, "missing_lines": [809, 810, 811, 812], "excluded_lines": [], "start_line": 807}, "SynapseWebUI.approve_task": {"executed_lines": [], "summary": {"covered_lines": 0, "num_statements": 1, "percent_covered": 0.0, "percent_covered_display": "0", "missing_lines": 1, "excluded_lines": 0, "percent_statements_covered": 0.0, "percent_statements_covered_display": "0"}, "missing_lines": [816], "excluded_lines": [], "start_line": 814}, "SynapseWebUI.reject_task": {"executed_lines": [], "summary": {"covered_lines": 0, "num_statements": 1, "percent_covered": 0.0, "percent_covered_display": "0", "missing_lines": 1, "excluded_lines": 0, "percent_statements_covered": 0.0, "percent_statements_covered_display": "0"}, "missing_lines": [820], "excluded_lines": [], "start_line": 818}, "SynapseWebUI.send": {"executed_lines": [], "summary": {"covered_lines": 0, "num_statements": 8, "percent_covered": 0.0, "percent_covered_display": "0", "missing_lines": 8, "excluded_lines": 0, "percent_statements_covered": 0.0, "percent_statements_covered_display": "0"}, "missing_lines": [823, 824, 825, 826, 827, 828, 829, 830], "excluded_lines": [], "start_line": 822}, "SynapseWebUI.create_agent": {"executed_lines": [], "summary": {"covered_lines": 0, "num_statements": 6, "percent_covered": 0.0, "percent_covered_display": "0", "missing_lines": 6, "excluded_lines": 0, "percent_statements_covered": 0.0, "percent_statements_covered_display": "0"}, "missing_lines": [835, 836, 837, 838, 840, 841], "excluded_lines": [], "start_line": 834}, "SynapseWebUI.deactivate_agent": {"executed_lines": [], "summary": {"covered_lines": 0, "num_statements": 1, "percent_covered": 0.0, "percent_covered_display": "0", "missing_lines": 1, "excluded_lines": 0, "percent_statements_covered": 0.0, "percent_statements_covered_display": "0"}, "missing_lines": [845], "excluded_lines": [], "start_line": 844}, "SynapseWebUI.reactivate_agent": {"executed_lines": [], "summary": {"covered_lines": 0, "num_statements": 1, "percent_covered": 0.0, "percent_covered_display": "0", "missing_lines": 1, "excluded_lines": 0, "percent_statements_covered": 0.0, "percent_statements_covered_display": "0"}, "missing_lines": [849], "excluded_lines": [], "start_line": 848}, "SynapseWebUI.change_agent_description": {"executed_lines": [], "summary": {"covered_lines": 0, "num_statements": 4, "percent_covered": 0.0, "percent_covered_display": "0", "missing_lines": 4, "excluded_lines": 0, "percent_statements_covered": 0.0, "percent_statements_covered_display": "0"}, "missing_lines": [854, 855, 856, 857], "excluded_lines": [], "start_line": 852}, "SynapseWebUI.create_org_public": {"executed_lines": [], "summary": {"covered_lines": 0, "num_statements": 7, "percent_covered": 0.0, "percent_covered_display": "0", "missing_lines": 7, "excluded_lines": 0, "percent_statements_covered": 0.0, "percent_statements_covered_display": "0"}, "missing_lines": [867, 868, 869, 870, 871, 872, 873], "excluded_lines": [], "start_line": 860}, "SynapseWebUI.disable_org": {"executed_lines": [], "summary": {"covered_lines": 0, "num_statements": 4, "percent_covered": 0.0, "percent_covered_display": "0", "missing_lines": 4, "excluded_lines": 0, "percent_statements_covered": 0.0, "percent_statements_covered_display": "0"}, "missing_lines": [877, 878, 879, 880], "excluded_lines": [], "start_line": 876}, "SynapseWebUI.start": {"executed_lines": [], "summary": {"covered_lines": 0, "num_statements": 14, "percent_covered": 0.0, "percent_covered_display": "0", "missing_lines": 14, "excluded_lines": 0, "percent_statements_covered": 0.0, "percent_statements_covered_display": "0"}, "missing_lines": [887, 893, 895, 896, 897, 898, 899, 900, 902, 903, 904, 905, 906, 907], "excluded_lines": [], "start_line": 886}, "SynapseWebUI.port": {"executed_lines": [], "summary": {"covered_lines": 0, "num_statements": 1, "percent_covered": 0.0, "percent_covered_display": "0", "missing_lines": 1, "excluded_lines": 0, "percent_statements_covered": 0.0, "percent_statements_covered_display": "0"}, "missing_lines": [913], "excluded_lines": [], "start_line": 911}, "SynapseWebUI.session_count": {"executed_lines": [], "summary": {"covered_lines": 0, "num_statements": 2, "percent_covered": 0.0, "percent_covered_display": "0", "missing_lines": 2, "excluded_lines": 0, "percent_statements_covered": 0.0, "percent_statements_covered_display": "0"}, "missing_lines": [916, 917], "excluded_lines": [], "start_line": 915}, "SynapseWebUI.stop": {"executed_lines": [], "summary": {"covered_lines": 0, "num_statements": 4, "percent_covered": 0.0, "percent_covered_display": "0", "missing_lines": 4, "excluded_lines": 0, "percent_statements_covered": 0.0, "percent_statements_covered_display": "0"}, "missing_lines": [920, 921, 922, 923], "excluded_lines": [], "start_line": 919}, "web_main": {"executed_lines": [], "summary": {"covered_lines": 0, "num_statements": 0, "percent_covered": 100.0, "percent_covered_display": "100", "missing_lines": 0, "excluded_lines": 26, "percent_statements_covered": 100.0, "percent_statements_covered_display": "100"}, "missing_lines": [], "excluded_lines": [927, 928, 929, 930, 931, 932, 933, 934, 935, 936, 937, 938, 939, 940, 941, 942, 943, 944, 945, 946, 947, 948, 949, 950, 951, 952], "start_line": 926}, "": {"executed_lines": [], "summary": {"covered_lines": 0, "num_statements": 122, "percent_covered": 0.0, "percent_covered_display": "0", "missing_lines": 122, "excluded_lines": 3, "percent_statements_covered": 0.0, "percent_statements_covered_display": "0"}, "missing_lines": [15, 17, 18, 19, 20, 21, 22, 23, 24, 25, 26, 27, 28, 29, 30, 32, 33, 34, 35, 36, 38, 40, 42, 54, 55, 56, 57, 58, 59, 61, 64, 65, 68, 69, 70, 71, 72, 75, 76, 82, 100, 113, 122, 130, 136, 145, 151, 160, 194, 226, 229, 236, 251, 257, 268, 271, 274, 277, 288, 291, 300, 313, 316, 323, 350, 360, 374, 380, 386, 394, 400, 411, 422, 426, 430, 434, 449, 476, 496, 534, 539, 549, 553, 554, 557, 558, 561, 568, 588, 589, 592, 599, 648, 666, 672, 679, 690, 702, 706, 719, 725, 730, 740, 760, 770, 776, 801, 807, 814, 818, 822, 834, 844, 848, 852, 860, 876, 886, 910, 911, 915, 919], "excluded_lines": [926, 955, 956], "start_line": 1}}, "classes": {"_Session": {"executed_lines": [], "summary": {"covered_lines": 0, "num_statements": 0, "percent_covered": 100.0, "percent_covered_display": "100", "missing_lines": 0, "excluded_lines": 0, "percent_statements_covered": 100.0, "percent_statements_covered_display": "100"}, "missing_lines": [], "excluded_lines": [], "start_line": 65}, "_Handler": {"executed_lines": [], "summary": {"covered_lines": 0, "num_statements": 248, "percent_covered": 0.0, "percent_covered_display": "0", "missing_lines": 248, "excluded_lines": 7, "percent_statements_covered": 0.0, "percent_statements_covered_display": "0"}, "missing_lines": [123, 124, 125, 126, 127, 128, 131, 132, 133, 134, 137, 138, 139, 142, 143, 146, 152, 163, 164, 165, 166, 167, 172, 173, 174, 175, 177, 178, 179, 180, 181, 182, 184, 185, 186, 188, 189, 195, 196, 200, 201, 202, 204, 205, 207, 208, 209, 211, 212, 213, 214, 215, 216, 217, 219, 220, 221, 222, 227, 234, 239, 240, 241, 242, 243, 244, 245, 246, 247, 248, 249, 255, 262, 269, 272, 275, 278, 279, 280, 281, 282, 283, 285, 289, 292, 293, 294, 295, 297, 303, 304, 305, 306, 307, 308, 309, 310, 314, 317, 318, 319, 320, 324, 325, 327, 328, 329, 330, 331, 332, 333, 334, 335, 336, 342, 343, 344, 345, 346, 347, 348, 351, 352, 353, 354, 355, 356, 361, 362, 363, 364, 365, 366, 369, 370, 371, 372, 375, 376, 377, 378, 381, 382, 383, 384, 387, 388, 389, 390, 395, 396, 397, 398, 401, 402, 403, 404, 405, 406, 407, 408, 412, 413, 414, 415, 416, 417, 418, 419, 423, 424, 427, 431, 438, 439, 440, 441, 442, 443, 444, 445, 446, 447, 450, 451, 452, 453, 454, 455, 456, 457, 458, 459, 460, 461, 462, 463, 464, 465, 466, 470, 477, 478, 479, 480, 481, 482, 483, 484, 485, 486, 488, 489, 490, 491, 492, 493, 498, 499, 500, 501, 505, 506, 507, 509, 510, 511, 512, 518, 519, 520, 525, 526, 527, 528, 529, 530, 531, 532, 536, 541, 542, 543, 544, 545, 546, 547, 550], "excluded_lines": [467, 468, 469, 521, 522, 523, 524], "start_line": 75}, "_LoginFailed": {"executed_lines": [], "summary": {"covered_lines": 0, "num_statements": 0, "percent_covered": 100.0, "percent_covered_display": "100", "missing_lines": 0, "excluded_lines": 0, "percent_statements_covered": 100.0, "percent_statements_covered_display": "100"}, "missing_lines": [], "excluded_lines": [], "start_line": 553}, "_LoginLocked": {"executed_lines": [], "summary": {"covered_lines": 0, "num_statements": 0, "percent_covered": 100.0, "percent_covered_display": "100", "missing_lines": 0, "excluded_lines": 0, "percent_statements_covered": 100.0, "percent_statements_covered_display": "100"}, "missing_lines": [], "excluded_lines": [], "start_line": 557}, "SynapseWebUI": {"executed_lines": [], "summary": {"covered_lines": 0, "num_statements": 188, "percent_covered": 0.0, "percent_covered_display": "0", "missing_lines": 188, "excluded_lines": 4, "percent_statements_covered": 0.0, "percent_statements_covered_display": "0"}, "missing_lines": [570, 571, 572, 573, 574, 575, 577, 578, 579, 580, 581, 582, 586, 590, 594, 612, 613, 614, 615, 616, 617, 618, 619, 620, 621, 622, 623, 624, 625, 626, 627, 628, 629, 630, 631, 632, 633, 634, 635, 636, 637, 638, 639, 640, 641, 642, 646, 649, 650, 651, 652, 653, 654, 655, 656, 657, 658, 659, 664, 667, 668, 669, 670, 673, 674, 675, 676, 677, 681, 682, 683, 691, 695, 696, 703, 704, 707, 708, 709, 710, 711, 712, 713, 714, 715, 716, 717, 720, 726, 727, 731, 732, 734, 735, 736, 737, 738, 741, 742, 743, 745, 746, 748, 751, 752, 754, 757, 758, 762, 763, 767, 771, 772, 778, 779, 785, 786, 787, 788, 789, 791, 792, 793, 794, 795, 798, 799, 803, 804, 805, 809, 810, 811, 812, 816, 820, 823, 824, 825, 826, 827, 828, 829, 830, 835, 836, 837, 838, 840, 841, 845, 849, 854, 855, 856, 857, 867, 868, 869, 870, 871, 872, 873, 877, 878, 879, 880, 887, 893, 895, 896, 897, 898, 899, 900, 902, 903, 904, 905, 906, 907, 913, 916, 917, 920, 921, 922, 923], "excluded_lines": [749, 750, 755, 756], "start_line": 561}, "": {"executed_lines": [], "summary": {"covered_lines": 0, "num_statements": 122, "percent_covered": 0.0, "percent_covered_display": "0", "missing_lines": 122, "excluded_lines": 29, "percent_statements_covered": 0.0, "percent_statements_covered_display": "0"}, "missing_lines": [15, 17, 18, 19, 20, 21, 22, 23, 24, 25, 26, 27, 28, 29, 30, 32, 33, 34, 35, 36, 38, 40, 42, 54, 55, 56, 57, 58, 59, 61, 64, 65, 68, 69, 70, 71, 72, 75, 76, 82, 100, 113, 122, 130, 136, 145, 151, 160, 194, 226, 229, 236, 251, 257, 268, 271, 274, 277, 288, 291, 300, 313, 316, 323, 350, 360, 374, 380, 386, 394, 400, 411, 422, 426, 430, 434, 449, 476, 496, 534, 539, 549, 553, 554, 557, 558, 561, 568, 588, 589, 592, 599, 648, 666, 672, 679, 690, 702, 706, 719, 725, 730, 740, 760, 770, 776, 801, 807, 814, 818, 822, 834, 844, 848, 852, 860, 876, 886, 910, 911, 915, 919], "excluded_lines": [926, 927, 928, 929, 930, 931, 932, 933, 934, 935, 936, 937, 938, 939, 940, 941, 942, 943, 944, 945, 946, 947, 948, 949, 950, 951, 952, 955, 956], "start_line": 1}}}}, "totals": {"covered_lines": 2467, "num_statements": 8371, "percent_covered": 29.470792020069286, "percent_covered_display": "29", "missing_lines": 5904, "excluded_lines": 120, "percent_statements_covered": 29.470792020069286, "percent_statements_covered_display": "29"}}